DEBUG 2022-06-02 11:25:29,970 autoreload 31392 File /home/jinal/PycharmProjects/CRUD/venv/lib/python3.8/site-packages/django/contrib/auth/migrations/0004_alter_user_username_opts.py first seen with mtime 1641553841.345422
DEBUG 2022-06-02 11:25:29,971 autoreload 31392 File /home/jinal/PycharmProjects/supershop/product/migrations/0004_alter_category_options_alter_product_options_and_more.py first seen with mtime 1650349875.6979663
DEBUG 2022-06-02 11:25:29,971 autoreload 31392 File /home/jinal/PycharmProjects/CRUD/venv/lib/python3.8/site-packages/django/contrib/auth/migrations/0008_alter_user_username_max_length.py first seen with mtime 1641553841.345422
DEBUG 2022-06-02 11:25:29,971 autoreload 31392 File /home/jinal/PycharmProjects/supershop/userlogin/migrations/0010_cart.py first seen with mtime 1646049946.5524008
DEBUG 2022-06-02 11:25:29,971 autoreload 31392 File /home/jinal/PycharmProjects/supershop/userlogin/migrations/0018_alter_cartitem_quantity.py first seen with mtime 1646134281.3117795
DEBUG 2022-06-02 11:25:29,971 autoreload 31392 File /home/jinal/PycharmProjects/CRUD/venv/lib/python3.8/site-packages/django/db/migrations/loader.py first seen with mtime 1641553841.6774173
DEBUG 2022-06-02 11:25:29,971 autoreload 31392 File /home/jinal/PycharmProjects/CRUD/venv/lib/python3.8/site-packages/django/contrib/contenttypes/migrations/__init__.py first seen with mtime 1641553841.3894215
DEBUG 2022-06-02 11:25:29,972 autoreload 31392 File /home/jinal/PycharmProjects/CRUD/venv/lib/python3.8/site-packages/django/contrib/auth/migrations/0006_require_contenttypes_0002.py first seen with mtime 1641553841.345422
DEBUG 2022-06-02 11:25:29,972 autoreload 31392 File /home/jinal/PycharmProjects/CRUD/venv/lib/python3.8/site-packages/django/contrib/sessions/backends/db.py first seen with mtime 1641553841.5934184
DEBUG 2022-06-02 11:25:29,972 autoreload 31392 File /home/jinal/PycharmProjects/CRUD/venv/lib/python3.8/site-packages/django_rest_passwordreset/migrations/0001_initial.py first seen with mtime 1651038264.7724414
DEBUG 2022-06-02 11:25:29,972 autoreload 31392 File /home/jinal/PycharmProjects/supershop/userlogin/migrations/0007_alter_address_address_type.py first seen with mtime 1643874122.5434964
DEBUG 2022-06-02 11:25:29,972 autoreload 31392 File /home/jinal/PycharmProjects/CRUD/venv/lib/python3.8/site-packages/django/contrib/admin/migrations/0003_logentry_add_action_flag_choices.py first seen with mtime 1641553841.2374237
DEBUG 2022-06-02 11:25:29,972 autoreload 31392 File /home/jinal/PycharmProjects/supershop/cart/migrations/0008_alter_cart_user.py first seen with mtime 1650279410.2723083
DEBUG 2022-06-02 11:25:29,972 autoreload 31392 File /usr/lib/python3.8/stringprep.py first seen with mtime 1637957648.0
DEBUG 2022-06-02 11:25:29,972 autoreload 31392 File /home/jinal/PycharmProjects/CRUD/venv/lib/python3.8/site-packages/django/contrib/auth/migrations/__init__.py first seen with mtime 1641553841.345422
DEBUG 2022-06-02 11:25:29,973 autoreload 31392 File /home/jinal/PycharmProjects/CRUD/venv/lib/python3.8/site-packages/django/contrib/sessions/exceptions.py first seen with mtime 1641553841.5934184
DEBUG 2022-06-02 11:25:29,973 autoreload 31392 File /home/jinal/PycharmProjects/supershop/userlogin/migrations/0016_productcartitem_productcart.py first seen with mtime 1646131566.1145504
DEBUG 2022-06-02 11:25:29,973 autoreload 31392 File /home/jinal/PycharmProjects/CRUD/venv/lib/python3.8/site-packages/django/contrib/auth/migrations/0007_alter_validators_add_error_messages.py first seen with mtime 1641553841.345422
DEBUG 2022-06-02 11:25:29,973 autoreload 31392 File /home/jinal/PycharmProjects/supershop/userlogin/migrations/0020_alter_address_user.py first seen with mtime 1650279310.9531355
DEBUG 2022-06-02 11:25:29,973 autoreload 31392 File /usr/lib/python3.8/encodings/idna.py first seen with mtime 1637957648.0
DEBUG 2022-06-02 11:25:29,973 autoreload 31392 File /home/jinal/PycharmProjects/supershop/userlogin/migrations/0017_remove_productcartitem_cart_and_more.py first seen with mtime 1646132751.5051358
DEBUG 2022-06-02 11:25:29,973 autoreload 31392 File /home/jinal/PycharmProjects/CRUD/venv/lib/python3.8/site-packages/django/contrib/auth/migrations/0005_alter_user_last_login_null.py first seen with mtime 1641553841.345422
DEBUG 2022-06-02 11:25:29,973 autoreload 31392 File /home/jinal/PycharmProjects/supershop/userlogin/migrations/0013_alter_cartitem_price.py first seen with mtime 1646125097.4175153
DEBUG 2022-06-02 11:25:29,974 autoreload 31392 File /home/jinal/PycharmProjects/CRUD/venv/lib/python3.8/site-packages/django/db/models/sql/compiler.py first seen with mtime 1641553841.6854172
DEBUG 2022-06-02 11:25:29,974 autoreload 31392 File /home/jinal/PycharmProjects/supershop/cart/migrations/0005_alter_cartitem_quantity.py first seen with mtime 1648813214.4643161
DEBUG 2022-06-02 11:25:29,974 autoreload 31392 File /home/jinal/PycharmProjects/CRUD/venv/lib/python3.8/site-packages/django/middleware/clickjacking.py first seen with mtime 1641553841.701417
DEBUG 2022-06-02 11:25:29,974 autoreload 31392 File /home/jinal/PycharmProjects/supershop/product/migrations/__init__.py first seen with mtime 1648813215.000314
DEBUG 2022-06-02 11:25:29,974 autoreload 31392 File /home/jinal/PycharmProjects/supershop/userlogin/migrations/0015_rename_productcart_cart_and_more.py first seen with mtime 1646129144.9957633
DEBUG 2022-06-02 11:25:29,974 autoreload 31392 File /home/jinal/PycharmProjects/CRUD/venv/lib/python3.8/site-packages/rest_framework/authtoken/migrations/0003_tokenproxy.py first seen with mtime 1649311405.6938376
DEBUG 2022-06-02 11:25:29,974 autoreload 31392 File /home/jinal/PycharmProjects/CRUD/venv/lib/python3.8/site-packages/django/middleware/common.py first seen with mtime 1641553841.701417
DEBUG 2022-06-02 11:25:29,974 autoreload 31392 File /home/jinal/PycharmProjects/supershop/userlogin/migrations/0019_remove_cartitem_cart_remove_cartitem_product_and_more.py first seen with mtime 1646191626.264722
DEBUG 2022-06-02 11:25:29,975 autoreload 31392 File /home/jinal/PycharmProjects/CRUD/venv/lib/python3.8/site-packages/django/db/migrations/executor.py first seen with mtime 1641553841.6774173
DEBUG 2022-06-02 11:25:29,975 autoreload 31392 File /home/jinal/PycharmProjects/CRUD/venv/lib/python3.8/site-packages/django/contrib/messages/middleware.py first seen with mtime 1641553841.5414193
DEBUG 2022-06-02 11:25:29,975 autoreload 31392 File /home/jinal/PycharmProjects/CRUD/venv/lib/python3.8/site-packages/django/contrib/admin/migrations/0002_logentry_remove_auto_add.py first seen with mtime 1641553841.2374237
DEBUG 2022-06-02 11:25:29,975 autoreload 31392 File /home/jinal/PycharmProjects/supershop/userlogin/migrations/0001_initial.py first seen with mtime 1641982775.9693189
DEBUG 2022-06-02 11:25:29,975 autoreload 31392 File /home/jinal/PycharmProjects/supershop/userlogin/migrations/0011_cartitem.py first seen with mtime 1646049973.2881863
DEBUG 2022-06-02 11:25:29,975 autoreload 31392 File /home/jinal/PycharmProjects/CRUD/venv/lib/python3.8/site-packages/django/contrib/auth/migrations/0012_alter_user_first_name_max_length.py first seen with mtime 1641553841.345422
DEBUG 2022-06-02 11:25:29,975 autoreload 31392 File /home/jinal/PycharmProjects/supershop/userlogin/migrations/0009_product.py first seen with mtime 1645788310.520305
DEBUG 2022-06-02 11:25:29,975 autoreload 31392 File /home/jinal/PycharmProjects/supershop/userlogin/migrations/__init__.py first seen with mtime 1641980608.8921995
DEBUG 2022-06-02 11:25:29,975 autoreload 31392 File /home/jinal/PycharmProjects/CRUD/venv/lib/python3.8/site-packages/django/contrib/admin/migrations/0001_initial.py first seen with mtime 1641553841.2374237
DEBUG 2022-06-02 11:25:29,976 autoreload 31392 File /home/jinal/PycharmProjects/CRUD/venv/lib/python3.8/site-packages/django/db/migrations/recorder.py first seen with mtime 1641553841.6774173
DEBUG 2022-06-02 11:25:29,976 autoreload 31392 File /home/jinal/PycharmProjects/supershop/userlogin/migrations/0004_alter_address_user.py first seen with mtime 1643804840.890754
DEBUG 2022-06-02 11:25:29,976 autoreload 31392 File /home/jinal/PycharmProjects/CRUD/venv/lib/python3.8/site-packages/django_rest_passwordreset/migrations/__init__.py first seen with mtime 1651038264.7724414
DEBUG 2022-06-02 11:25:29,976 autoreload 31392 File /home/jinal/PycharmProjects/supershop/userlogin/migrations/0008_alter_address_unique_together_category.py first seen with mtime 1645769163.593985
DEBUG 2022-06-02 11:25:29,976 autoreload 31392 File /home/jinal/PycharmProjects/supershop/cart/migrations/0006_alter_cartitem_quantity.py first seen with mtime 1648813214.4643161
DEBUG 2022-06-02 11:25:29,976 autoreload 31392 File /home/jinal/PycharmProjects/CRUD/venv/lib/python3.8/site-packages/rest_framework/authtoken/migrations/0001_initial.py first seen with mtime 1649311405.6938376
DEBUG 2022-06-02 11:25:29,977 autoreload 31392 File /home/jinal/PycharmProjects/supershop/userlogin/migrations/0002_address.py first seen with mtime 1643606930.874533
DEBUG 2022-06-02 11:25:29,977 autoreload 31392 File /home/jinal/PycharmProjects/supershop/cart/migrations/0011_alter_cart_options_alter_cartitem_options_and_more.py first seen with mtime 1650433207.0451808
DEBUG 2022-06-02 11:25:29,977 autoreload 31392 File /home/jinal/PycharmProjects/CRUD/venv/lib/python3.8/site-packages/django/contrib/sessions/migrations/0001_initial.py first seen with mtime 1641553841.621418
DEBUG 2022-06-02 11:25:29,977 autoreload 31392 File /home/jinal/PycharmProjects/supershop/userlogin/migrations/0014_rename_cart_productcart_and_more.py first seen with mtime 1646129034.8731184
DEBUG 2022-06-02 11:25:29,977 autoreload 31392 File /home/jinal/PycharmProjects/supershop/cart/migrations/0001_initial.py first seen with mtime 1648813214.4603162
DEBUG 2022-06-02 11:25:29,977 autoreload 31392 File /home/jinal/PycharmProjects/CRUD/venv/lib/python3.8/site-packages/django/contrib/auth/migrations/0011_update_proxy_permissions.py first seen with mtime 1641553841.345422
DEBUG 2022-06-02 11:25:29,977 autoreload 31392 File /home/jinal/PycharmProjects/supershop/userlogin/migrations/0012_alter_cart_total_amount.py first seen with mtime 1646124952.9890146
DEBUG 2022-06-02 11:25:29,978 autoreload 31392 File /home/jinal/PycharmProjects/CRUD/venv/lib/python3.8/site-packages/django/contrib/auth/migrations/0010_alter_group_name_max_length.py first seen with mtime 1641553841.345422
DEBUG 2022-06-02 11:25:29,978 autoreload 31392 File /home/jinal/PycharmProjects/supershop/product/migrations/0002_alter_product_quantity.py first seen with mtime 1648813215.000314
DEBUG 2022-06-02 11:25:29,978 autoreload 31392 File /home/jinal/PycharmProjects/supershop/userlogin/migrations/0022_alter_address_options_alter_myuser_options_and_more.py first seen with mtime 1651066517.900751
DEBUG 2022-06-02 11:25:29,978 autoreload 31392 File /home/jinal/PycharmProjects/supershop/product/migrations/0003_alter_product_description.py first seen with mtime 1648813215.000314
DEBUG 2022-06-02 11:25:29,978 autoreload 31392 File /home/jinal/PycharmProjects/supershop/cart/migrations/0010_alter_cartitem_quantity.py first seen with mtime 1650344623.5733259
DEBUG 2022-06-02 11:25:29,978 autoreload 31392 File /home/jinal/PycharmProjects/CRUD/venv/lib/python3.8/site-packages/django_rest_passwordreset/migrations/0003_allow_blank_and_null_fields.py first seen with mtime 1651038264.7724414
DEBUG 2022-06-02 11:25:29,979 autoreload 31392 File /home/jinal/PycharmProjects/supershop/cart/migrations/0003_alter_cart_status_alter_cart_total_amount.py first seen with mtime 1648813214.4603162
DEBUG 2022-06-02 11:25:29,979 autoreload 31392 File /home/jinal/PycharmProjects/CRUD/venv/lib/python3.8/site-packages/django/contrib/auth/migrations/0009_alter_user_last_name_max_length.py first seen with mtime 1641553841.345422
DEBUG 2022-06-02 11:25:29,979 autoreload 31392 File /home/jinal/PycharmProjects/CRUD/venv/lib/python3.8/site-packages/django/contrib/contenttypes/migrations/0002_remove_content_type_name.py first seen with mtime 1641553841.3894215
DEBUG 2022-06-02 11:25:29,979 autoreload 31392 File /home/jinal/PycharmProjects/CRUD/venv/lib/python3.8/site-packages/django/contrib/admin/migrations/__init__.py first seen with mtime 1641553841.2374237
DEBUG 2022-06-02 11:25:29,979 autoreload 31392 File /home/jinal/PycharmProjects/CRUD/venv/lib/python3.8/site-packages/django/contrib/contenttypes/migrations/0001_initial.py first seen with mtime 1641553841.3854215
DEBUG 2022-06-02 11:25:29,979 autoreload 31392 File /home/jinal/PycharmProjects/supershop/supershop/wsgi.py first seen with mtime 1641980453.717842
DEBUG 2022-06-02 11:25:29,979 autoreload 31392 File /home/jinal/PycharmProjects/supershop/userlogin/migrations/0021_alter_address_user.py first seen with mtime 1650279359.6727316
DEBUG 2022-06-02 11:25:29,979 autoreload 31392 File /home/jinal/PycharmProjects/CRUD/venv/lib/python3.8/site-packages/django_rest_passwordreset/migrations/0002_pk_migration.py first seen with mtime 1651038264.7724414
DEBUG 2022-06-02 11:25:29,979 autoreload 31392 File /home/jinal/PycharmProjects/supershop/cart/migrations/0004_alter_cart_status.py first seen with mtime 1648813214.4603162
DEBUG 2022-06-02 11:25:29,980 autoreload 31392 File /home/jinal/PycharmProjects/supershop/cart/migrations/0007_alter_cartitem_quantity.py first seen with mtime 1648813214.4643161
DEBUG 2022-06-02 11:25:29,980 autoreload 31392 File /home/jinal/PycharmProjects/supershop/cart/migrations/0002_alter_cartitem_price_alter_cartitem_quantity.py first seen with mtime 1648813214.4603162
DEBUG 2022-06-02 11:25:29,980 autoreload 31392 File /home/jinal/PycharmProjects/supershop/userlogin/migrations/0006_alter_address_address_type.py first seen with mtime 1643871725.2965875
DEBUG 2022-06-02 11:25:29,980 autoreload 31392 File /home/jinal/PycharmProjects/CRUD/venv/lib/python3.8/site-packages/django/contrib/auth/migrations/0001_initial.py first seen with mtime 1641553841.345422
DEBUG 2022-06-02 11:25:29,980 autoreload 31392 File /home/jinal/PycharmProjects/CRUD/venv/lib/python3.8/site-packages/django/contrib/auth/migrations/0002_alter_permission_name_max_length.py first seen with mtime 1641553841.345422
DEBUG 2022-06-02 11:25:29,980 autoreload 31392 File /home/jinal/PycharmProjects/CRUD/venv/lib/python3.8/site-packages/rest_framework/authtoken/migrations/__init__.py first seen with mtime 1649311405.6938376
DEBUG 2022-06-02 11:25:29,980 autoreload 31392 File /home/jinal/PycharmProjects/supershop/userlogin/custom_middleware.py first seen with mtime 1654169127.3975308
DEBUG 2022-06-02 11:25:29,980 autoreload 31392 File /home/jinal/PycharmProjects/CRUD/venv/lib/python3.8/site-packages/django/contrib/sessions/migrations/__init__.py first seen with mtime 1641553841.621418
DEBUG 2022-06-02 11:25:29,981 autoreload 31392 File /home/jinal/PycharmProjects/CRUD/venv/lib/python3.8/site-packages/django/core/cache/backends/locmem.py first seen with mtime 1641553841.6574175
DEBUG 2022-06-02 11:25:29,981 autoreload 31392 File /home/jinal/PycharmProjects/supershop/cart/migrations/__init__.py first seen with mtime 1648813214.4643161
DEBUG 2022-06-02 11:25:29,981 autoreload 31392 File /home/jinal/PycharmProjects/CRUD/venv/lib/python3.8/site-packages/django/contrib/auth/migrations/0003_alter_user_email_max_length.py first seen with mtime 1641553841.345422
DEBUG 2022-06-02 11:25:29,981 autoreload 31392 File /home/jinal/PycharmProjects/CRUD/venv/lib/python3.8/site-packages/django/db/migrations/graph.py first seen with mtime 1641553841.6774173
DEBUG 2022-06-02 11:25:29,981 autoreload 31392 File /home/jinal/PycharmProjects/supershop/userlogin/migrations/0005_address_address_type.py first seen with mtime 1643868059.8299582
DEBUG 2022-06-02 11:25:29,981 autoreload 31392 File /home/jinal/PycharmProjects/supershop/cart/migrations/0009_alter_cartitem_cart_alter_cartitem_product.py first seen with mtime 1650280026.170945
DEBUG 2022-06-02 11:25:29,981 autoreload 31392 File /home/jinal/PycharmProjects/supershop/product/migrations/0001_initial.py first seen with mtime 1648813215.000314
DEBUG 2022-06-02 11:25:29,981 autoreload 31392 File /home/jinal/PycharmProjects/supershop/userlogin/migrations/0003_rename_myuser_id_address_user.py first seen with mtime 1643802863.534386
DEBUG 2022-06-02 11:25:29,982 autoreload 31392 File /home/jinal/PycharmProjects/CRUD/venv/lib/python3.8/site-packages/rest_framework/authtoken/migrations/0002_auto_20160226_1747.py first seen with mtime 1649311405.6938376
