WARNING 2022-05-24 06:08:48,834 views 13887 Product is not available, Maybe you entered More quantity then available
WARNING 2022-05-24 06:16:14,179 views 14734 page is not an integer.
WARNING 2022-05-24 06:17:29,952 views 14917 page is not an integer.
WARNING 2022-05-24 06:18:09,712 views 14917 page is not an integer.
WARNING 2022-05-24 06:18:21,830 views 14917 page is empty.
WARNING 2022-05-24 06:22:16,168 views 15186 page is empty.
WARNING 2022-05-24 06:25:30,884 views 15482 Product is not available, Maybe you entered More quantity then available
WARNING 2022-05-24 06:36:07,889 api 16286 page size none entered!!
WARNING 2022-05-24 06:37:00,198 api 16286 page size none entered!!
WARNING 2022-05-24 06:39:12,694 api 16590 page size none entered!!
WARNING 2022-05-24 06:40:07,435 api 16750 return product by page size!!
WARNING 2022-05-24 06:41:59,277 api 16884 return product by page size!!
WARNING 2022-05-24 06:54:00,612 api 17941 return product by page size!!
WARNING 2022-05-24 06:55:16,698 api 18060 return product by page size!!
WARNING 2022-06-02 11:23:14,721 api 31217 return product by page size!!
WARNING 2022-06-02 11:23:15,393 api 31217 return product by page size!!
WARNING 2022-06-02 11:23:15,676 api 31217 return product by page size!!
WARNING 2022-06-02 11:23:17,258 views 31217 page is empty.
WARNING 2022-06-02 11:23:17,696 views 31217 page is not an integer.
WARNING 2022-06-02 11:23:17,918 views 31217 Product is not available, Maybe you entered More quantity then available
