DEBUG 2022-05-24 07:15:32,048 views 19162 log into userlogin app.
DEBUG 2022-05-24 07:28:15,973 views 19615 log into userlogin app.
DEBUG 2022-05-24 07:28:23,929 views 19639 log into userlogin app.
DEBUG 2022-05-24 07:33:36,936 views 19870 log into userlogin app.
DEBUG 2022-05-24 07:34:22,698 views 19916 log into userlogin app.
DEBUG 2022-05-24 07:34:37,966 views 19941 log into userlogin app.
DEBUG 2022-05-24 07:35:46,132 views 20046 log into userlogin app.
DEBUG 2022-05-24 07:35:51,206 views 20070 log into userlogin app.
DEBUG 2022-05-24 07:36:19,608 views 20121 log into userlogin app.
DEBUG 2022-05-24 07:37:44,046 views 20196 log into userlogin app.
DEBUG 2022-05-24 07:39:28,105 views 20287 log into userlogin app.
DEBUG 2022-05-24 07:42:10,311 views 20437 log into userlogin app.
DEBUG 2022-05-24 07:42:22,690 views 20464 log into userlogin app.
DEBUG 2022-05-24 07:42:42,120 views 20507 log into userlogin app.
DEBUG 2022-05-24 07:44:00,563 views 20604 log into userlogin app.
DEBUG 2022-05-24 07:45:35,419 views 20680 log into userlogin app.
DEBUG 2022-05-24 07:45:42,354 views 20680 Profile page load successfully.
DEBUG 2022-05-24 07:46:21,158 views 20680 Profile page load successfully.
DEBUG 2022-05-24 07:46:45,729 views 20680 User address page load successfully.
DEBUG 2022-05-24 07:48:39,647 views 21015 log into userlogin app.
DEBUG 2022-05-24 08:14:23,627 views 21645 log into userlogin app.
DEBUG 2022-05-24 08:17:48,695 views 21876 log into userlogin app.
DEBUG 2022-05-24 08:18:49,579 views 21876 Profile page load successfully.
DEBUG 2022-05-24 08:18:51,863 views 21876 User address page load successfully.
DEBUG 2022-05-24 08:19:28,261 views 21876 Profile page load successfully.
DEBUG 2022-05-24 08:21:49,673 views 22270 log into userlogin app.
DEBUG 2022-05-24 08:23:02,244 views 22393 log into userlogin app.
DEBUG 2022-05-24 08:29:45,339 views 22695 log into userlogin app.
DEBUG 2022-05-24 08:36:11,921 views 22937 log into userlogin app.
DEBUG 2022-05-24 08:40:41,328 views 23147 log into userlogin app.
DEBUG 2022-05-24 08:42:21,057 views 23239 log into userlogin app.
DEBUG 2022-05-24 08:47:23,834 views 23453 log into userlogin app.
DEBUG 2022-05-24 08:49:59,708 views 23559 log into userlogin app.
DEBUG 2022-05-24 08:51:03,702 views 23636 log into userlogin app.
DEBUG 2022-05-24 08:53:27,333 views 23736 log into userlogin app.
DEBUG 2022-05-24 08:54:45,801 views 23819 log into userlogin app.
DEBUG 2022-05-24 08:56:19,878 views 23913 log into userlogin app.
DEBUG 2022-05-24 09:02:28,163 views 24179 log into userlogin app.
DEBUG 2022-05-24 09:02:59,691 views 24216 log into userlogin app.
DEBUG 2022-05-24 09:04:35,615 views 24304 log into userlogin app.
DEBUG 2022-05-24 09:05:25,563 views 24411 log into userlogin app.
DEBUG 2022-05-24 09:07:02,272 views 24504 log into userlogin app.
DEBUG 2022-05-24 09:12:23,049 views 24504 Profile page load successfully.
DEBUG 2022-05-24 09:13:41,590 api 24504 Oops!!code is not valid..Please try again..
DEBUG 2022-05-24 09:37:54,765 views 26091 log into userlogin app.
DEBUG 2022-05-24 10:34:09,661 views 27560 log into userlogin app.
DEBUG 2022-05-24 10:34:14,105 views 27560 Login page load successfully.
DEBUG 2022-05-24 10:35:48,952 views 27560 Login page load successfully.
DEBUG 2022-05-24 10:35:50,556 views 27560 Login page load successfully.
DEBUG 2022-05-24 10:35:59,113 views 27560 Login page load successfully.
DEBUG 2022-05-24 10:36:27,026 views 27560 Profile page load successfully.
DEBUG 2022-05-24 10:37:04,955 views 27560 Profile page load successfully.
DEBUG 2022-05-24 10:44:24,480 views 27560 User address page load successfully.
DEBUG 2022-05-24 11:45:20,717 views 29634 log into userlogin app.
DEBUG 2022-05-24 12:38:11,320 views 31534 log into userlogin app.
DEBUG 2022-05-24 12:55:04,132 views 32066 log into userlogin app.
DEBUG 2022-05-24 12:55:33,701 views 32284 log into userlogin app.
DEBUG 2022-05-25 04:44:54,226 views 6008 log into userlogin app.
DEBUG 2022-05-25 04:46:02,014 views 6056 log into userlogin app.
DEBUG 2022-05-25 06:30:14,369 views 9977 log into userlogin app.
DEBUG 2022-05-25 06:30:34,755 views 10023 log into userlogin app.
DEBUG 2022-05-25 06:55:42,197 views 12268 log into userlogin app.
DEBUG 2022-05-25 08:42:32,410 views 15580 log into userlogin app.
DEBUG 2022-05-25 08:49:44,095 views 16096 log into userlogin app.
DEBUG 2022-05-25 09:01:26,625 views 16688 log into userlogin app.
DEBUG 2022-05-25 09:02:03,472 views 16796 log into userlogin app.
DEBUG 2022-05-25 09:02:17,618 views 16919 log into userlogin app.
DEBUG 2022-05-25 09:04:49,721 views 17256 log into userlogin app.
DEBUG 2022-05-25 09:05:16,071 views 17302 log into userlogin app.
DEBUG 2022-05-25 09:05:22,055 views 17354 log into userlogin app.
DEBUG 2022-05-25 09:05:42,319 views 17390 log into userlogin app.
DEBUG 2022-05-25 09:06:54,968 views 17583 log into userlogin app.
DEBUG 2022-05-25 09:18:33,722 views 18712 log into userlogin app.
DEBUG 2022-05-25 09:26:01,070 views 19415 log into userlogin app.
DEBUG 2022-05-25 09:29:42,685 views 19867 log into userlogin app.
DEBUG 2022-05-25 09:36:39,693 views 20764 log into userlogin app.
DEBUG 2022-05-25 09:39:49,388 views 21056 log into userlogin app.
DEBUG 2022-05-25 09:39:53,400 views 21139 log into userlogin app.
DEBUG 2022-05-25 09:46:53,118 views 21392 log into userlogin app.
DEBUG 2022-05-25 10:11:17,040 views 22395 log into userlogin app.
DEBUG 2022-05-25 11:22:02,285 views 24837 log into userlogin app.
DEBUG 2022-05-25 11:22:08,524 views 24921 log into userlogin app.
DEBUG 2022-05-25 11:42:48,829 views 27069 log into userlogin app.
DEBUG 2022-05-25 11:42:54,557 views 27069 Login page load successfully.
DEBUG 2022-05-25 11:42:56,045 views 27069 Login page load successfully.
DEBUG 2022-05-25 11:54:48,661 views 28005 log into userlogin app.
DEBUG 2022-05-25 11:58:34,421 views 28246 log into userlogin app.
DEBUG 2022-05-25 11:58:46,583 views 28356 log into userlogin app.
DEBUG 2022-05-25 11:59:20,045 views 28469 log into userlogin app.
DEBUG 2022-05-25 12:00:04,432 views 28736 log into userlogin app.
DEBUG 2022-05-26 03:39:33,943 views 4020 log into userlogin app.
DEBUG 2022-05-26 04:45:49,417 views 6713 log into userlogin app.
DEBUG 2022-05-26 10:12:15,579 views 19281 log into userlogin app.
DEBUG 2022-05-26 10:12:48,858 views 19325 log into userlogin app.
DEBUG 2022-05-26 11:05:11,884 views 21162 log into userlogin app.
DEBUG 2022-05-26 11:05:18,911 views 21205 log into userlogin app.
DEBUG 2022-05-26 11:07:02,953 views 21339 log into userlogin app.
DEBUG 2022-05-26 11:09:08,544 views 21555 log into userlogin app.
DEBUG 2022-05-26 11:10:33,387 views 21702 log into userlogin app.
DEBUG 2022-05-26 11:52:22,173 views 23162 log into userlogin app.
DEBUG 2022-05-26 11:52:27,109 views 23232 log into userlogin app.
DEBUG 2022-05-26 11:52:32,277 views 23269 log into userlogin app.
DEBUG 2022-05-26 11:52:40,379 views 23289 log into userlogin app.
DEBUG 2022-05-26 11:54:16,302 views 23402 log into userlogin app.
DEBUG 2022-05-26 11:54:24,428 views 23427 log into userlogin app.
DEBUG 2022-05-26 11:54:42,787 views 23510 log into userlogin app.
DEBUG 2022-05-26 11:55:14,435 views 23615 log into userlogin app.
DEBUG 2022-05-26 11:58:40,718 views 23825 log into userlogin app.
DEBUG 2022-05-26 11:58:50,701 views 23850 log into userlogin app.
DEBUG 2022-05-27 04:12:41,232 views 4386 log into userlogin app.
DEBUG 2022-05-27 04:14:12,185 views 4546 log into userlogin app.
DEBUG 2022-05-27 04:14:20,384 views 4587 log into userlogin app.
DEBUG 2022-05-27 04:33:09,651 views 5260 log into userlogin app.
DEBUG 2022-05-27 04:34:41,710 views 5423 log into userlogin app.
DEBUG 2022-05-27 04:53:28,968 views 6049 log into userlogin app.
DEBUG 2022-05-27 04:53:54,514 views 6082 log into userlogin app.
DEBUG 2022-05-27 04:54:07,672 views 6116 log into userlogin app.
DEBUG 2022-05-27 04:54:09,845 views 6121 log into userlogin app.
DEBUG 2022-05-27 04:55:04,170 views 6270 log into userlogin app.
DEBUG 2022-05-27 04:55:45,055 views 6401 log into userlogin app.
DEBUG 2022-05-27 04:58:53,950 views 6587 log into userlogin app.
DEBUG 2022-05-27 04:59:32,672 views 6718 log into userlogin app.
DEBUG 2022-05-27 05:00:36,084 views 6846 log into userlogin app.
DEBUG 2022-05-27 05:01:09,466 views 6937 log into userlogin app.
DEBUG 2022-05-27 05:04:21,595 views 7087 log into userlogin app.
DEBUG 2022-05-27 05:05:12,445 views 7233 log into userlogin app.
DEBUG 2022-05-27 05:07:20,981 views 7379 log into userlogin app.
DEBUG 2022-05-27 05:07:45,574 views 7414 log into userlogin app.
DEBUG 2022-05-27 05:08:17,255 views 7501 log into userlogin app.
DEBUG 2022-05-27 05:12:31,752 views 7742 log into userlogin app.
DEBUG 2022-05-27 05:39:22,596 views 10088 log into userlogin app.
DEBUG 2022-05-27 05:58:25,771 views 11293 log into userlogin app.
DEBUG 2022-05-27 05:59:30,258 views 11528 log into userlogin app.
DEBUG 2022-05-27 05:59:52,889 views 11618 log into userlogin app.
DEBUG 2022-05-27 06:00:17,467 views 11712 log into userlogin app.
DEBUG 2022-05-27 06:01:41,261 views 12116 log into userlogin app.
DEBUG 2022-05-27 06:28:54,724 views 13897 log into userlogin app.
DEBUG 2022-05-27 06:31:31,847 views 14019 log into userlogin app.
DEBUG 2022-05-27 06:36:53,365 views 14304 log into userlogin app.
DEBUG 2022-05-27 06:41:07,980 views 14600 log into userlogin app.
DEBUG 2022-05-27 06:42:20,580 views 14703 log into userlogin app.
DEBUG 2022-05-27 06:44:03,836 views 14820 log into userlogin app.
DEBUG 2022-05-27 06:46:37,091 views 15327 log into userlogin app.
DEBUG 2022-05-27 06:49:59,339 views 15583 log into userlogin app.
DEBUG 2022-05-27 06:50:12,462 views 15637 log into userlogin app.
DEBUG 2022-05-27 06:55:49,543 views 15887 log into userlogin app.
DEBUG 2022-05-27 06:55:57,838 views 15932 log into userlogin app.
DEBUG 2022-05-27 07:03:44,542 views 16527 log into userlogin app.
DEBUG 2022-05-27 07:06:42,281 views 16835 log into userlogin app.
DEBUG 2022-05-27 07:07:01,750 views 16919 log into userlogin app.
DEBUG 2022-05-27 07:08:37,922 views 17033 log into userlogin app.
DEBUG 2022-05-27 07:20:24,801 views 17575 log into userlogin app.
DEBUG 2022-05-27 07:20:47,124 views 17602 log into userlogin app.
DEBUG 2022-05-27 07:20:49,286 views 17624 log into userlogin app.
DEBUG 2022-05-27 07:22:58,923 views 17814 log into userlogin app.
DEBUG 2022-05-27 07:23:56,143 views 17911 log into userlogin app.
DEBUG 2022-05-27 07:24:03,095 views 17935 log into userlogin app.
DEBUG 2022-05-27 09:07:12,232 views 21974 log into userlogin app.
DEBUG 2022-05-27 10:08:32,897 views 24519 log into userlogin app.
DEBUG 2022-05-27 10:22:31,912 views 25026 log into userlogin app.
DEBUG 2022-05-27 10:25:30,950 views 25190 log into userlogin app.
DEBUG 2022-05-27 10:26:57,609 views 25331 log into userlogin app.
DEBUG 2022-05-27 10:27:57,926 views 25472 log into userlogin app.
DEBUG 2022-05-27 10:28:12,244 views 25541 log into userlogin app.
DEBUG 2022-05-27 10:28:17,455 views 25602 log into userlogin app.
DEBUG 2022-05-27 10:30:44,154 views 25747 log into userlogin app.
DEBUG 2022-05-27 10:31:30,654 views 25812 log into userlogin app.
DEBUG 2022-05-27 10:33:30,672 views 25909 log into userlogin app.
DEBUG 2022-05-27 10:34:43,957 views 26052 log into userlogin app.
DEBUG 2022-05-27 10:34:49,875 views 26075 log into userlogin app.
DEBUG 2022-05-27 10:48:33,183 views 26560 log into userlogin app.
DEBUG 2022-05-27 11:08:20,530 views 28014 log into userlogin app.
DEBUG 2022-05-27 11:10:15,741 views 28111 log into userlogin app.
DEBUG 2022-05-27 11:10:48,352 views 28173 log into userlogin app.
DEBUG 2022-05-27 11:10:59,459 views 28236 log into userlogin app.
DEBUG 2022-05-27 11:11:16,830 views 28319 log into userlogin app.
DEBUG 2022-05-27 11:11:54,506 views 28401 log into userlogin app.
DEBUG 2022-05-27 11:12:25,799 views 28453 log into userlogin app.
DEBUG 2022-05-27 11:12:56,321 views 28489 log into userlogin app.
DEBUG 2022-05-27 11:18:17,610 views 28767 log into userlogin app.
DEBUG 2022-05-27 11:18:50,241 views 28885 log into userlogin app.
DEBUG 2022-05-27 11:34:17,133 views 29866 log into userlogin app.
DEBUG 2022-05-27 11:34:33,328 views 29926 log into userlogin app.
DEBUG 2022-05-27 11:36:23,435 views 30128 log into userlogin app.
DEBUG 2022-05-27 11:44:27,455 views 30731 log into userlogin app.
DEBUG 2022-05-27 11:44:49,024 views 30787 log into userlogin app.
DEBUG 2022-05-27 11:46:35,343 views 30933 log into userlogin app.
DEBUG 2022-05-30 04:13:26,148 views 4127 log into userlogin app.
DEBUG 2022-05-30 04:36:15,269 views 5618 log into userlogin app.
DEBUG 2022-05-30 04:46:29,729 views 6050 log into userlogin app.
DEBUG 2022-05-30 04:46:42,063 views 6078 log into userlogin app.
DEBUG 2022-05-30 04:46:48,113 views 6138 log into userlogin app.
DEBUG 2022-05-30 04:48:41,682 views 6302 log into userlogin app.
DEBUG 2022-05-30 04:49:33,585 views 6351 log into userlogin app.
DEBUG 2022-05-30 04:49:48,949 views 6398 log into userlogin app.
DEBUG 2022-05-30 04:50:08,602 views 6477 log into userlogin app.
DEBUG 2022-05-30 04:52:28,681 views 6682 log into userlogin app.
DEBUG 2022-05-30 04:55:15,110 views 6955 log into userlogin app.
DEBUG 2022-05-30 05:09:30,598 views 8067 log into userlogin app.
DEBUG 2022-05-30 05:12:52,975 views 8527 log into userlogin app.
DEBUG 2022-05-30 05:13:38,017 views 8653 log into userlogin app.
DEBUG 2022-05-30 05:14:00,484 views 8736 log into userlogin app.
DEBUG 2022-05-30 05:14:34,452 views 8867 log into userlogin app.
DEBUG 2022-05-30 05:14:41,681 views 8944 log into userlogin app.
DEBUG 2022-05-30 05:17:33,489 views 9126 log into userlogin app.
DEBUG 2022-05-30 05:32:38,836 views 9646 log into userlogin app.
DEBUG 2022-05-30 05:33:08,521 views 9708 log into userlogin app.
DEBUG 2022-05-30 05:33:16,743 views 9762 log into userlogin app.
DEBUG 2022-05-30 05:35:45,016 views 10017 log into userlogin app.
DEBUG 2022-05-30 05:36:55,530 views 10146 log into userlogin app.
DEBUG 2022-05-30 05:37:53,861 views 10252 log into userlogin app.
DEBUG 2022-05-30 05:38:10,532 views 10283 log into userlogin app.
DEBUG 2022-05-30 05:38:23,317 views 10296 log into userlogin app.
DEBUG 2022-05-30 05:39:25,146 views 10346 log into userlogin app.
DEBUG 2022-05-30 05:39:31,911 views 10361 log into userlogin app.
DEBUG 2022-05-30 05:40:42,421 views 10449 log into userlogin app.
DEBUG 2022-05-30 05:43:46,379 views 10640 log into userlogin app.
DEBUG 2022-05-30 05:44:05,844 views 10724 log into userlogin app.
DEBUG 2022-05-30 05:45:34,829 views 10796 log into userlogin app.
DEBUG 2022-05-30 05:47:32,352 views 10877 log into userlogin app.
DEBUG 2022-05-30 05:49:05,559 views 11021 log into userlogin app.
DEBUG 2022-05-30 05:57:46,273 views 11492 log into userlogin app.
DEBUG 2022-05-30 05:57:56,388 views 11535 log into userlogin app.
DEBUG 2022-05-30 05:58:51,689 views 11649 log into userlogin app.
DEBUG 2022-05-30 06:24:32,360 views 13320 log into userlogin app.
DEBUG 2022-05-30 06:24:44,664 views 13399 log into userlogin app.
DEBUG 2022-05-30 06:25:48,046 views 13541 log into userlogin app.
DEBUG 2022-05-30 06:53:13,207 views 14513 log into userlogin app.
DEBUG 2022-05-30 11:01:59,057 views 5772 log into userlogin app.
DEBUG 2022-05-30 11:07:34,663 views 6136 log into userlogin app.
DEBUG 2022-05-30 11:08:30,741 views 6283 log into userlogin app.
DEBUG 2022-05-30 11:09:11,772 views 6405 log into userlogin app.
DEBUG 2022-05-30 11:09:34,274 views 6470 log into userlogin app.
DEBUG 2022-05-30 11:10:58,223 views 6658 log into userlogin app.
DEBUG 2022-05-30 11:11:25,924 views 6745 log into userlogin app.
DEBUG 2022-05-30 11:12:34,422 views 6861 log into userlogin app.
DEBUG 2022-05-30 11:13:44,009 views 7021 log into userlogin app.
DEBUG 2022-05-30 11:14:58,673 views 7154 log into userlogin app.
DEBUG 2022-05-30 11:15:51,666 views 7236 log into userlogin app.
DEBUG 2022-05-30 11:16:11,181 views 7358 log into userlogin app.
DEBUG 2022-05-30 11:20:10,157 views 7848 log into userlogin app.
DEBUG 2022-05-30 11:20:21,300 views 7890 log into userlogin app.
DEBUG 2022-05-30 11:20:55,175 views 7998 log into userlogin app.
DEBUG 2022-05-30 11:21:25,687 views 8083 log into userlogin app.
DEBUG 2022-05-30 11:24:24,494 views 8333 log into userlogin app.
DEBUG 2022-05-30 11:24:41,873 views 8437 log into userlogin app.
DEBUG 2022-05-30 11:24:58,262 views 8535 log into userlogin app.
DEBUG 2022-05-30 11:25:05,448 views 8567 log into userlogin app.
DEBUG 2022-05-30 11:27:16,064 views 8769 log into userlogin app.
DEBUG 2022-05-30 11:27:38,433 views 8819 log into userlogin app.
DEBUG 2022-05-30 11:50:52,192 views 9849 log into userlogin app.
DEBUG 2022-05-31 04:34:30,123 views 6453 log into userlogin app.
DEBUG 2022-05-31 04:35:04,782 views 6543 log into userlogin app.
DEBUG 2022-05-31 04:35:53,183 views 6603 log into userlogin app.
DEBUG 2022-05-31 04:36:53,036 views 6709 log into userlogin app.
DEBUG 2022-05-31 04:37:06,263 views 6770 log into userlogin app.
DEBUG 2022-05-31 04:37:19,514 views 6801 log into userlogin app.
DEBUG 2022-05-31 04:37:34,824 views 6859 log into userlogin app.
DEBUG 2022-05-31 04:38:14,518 views 6987 log into userlogin app.
DEBUG 2022-05-31 04:38:26,634 views 7051 log into userlogin app.
DEBUG 2022-05-31 04:42:53,016 views 7241 log into userlogin app.
DEBUG 2022-05-31 04:43:23,543 views 7285 log into userlogin app.
DEBUG 2022-05-31 05:07:12,906 views 8487 log into userlogin app.
DEBUG 2022-05-31 05:07:29,147 views 8540 log into userlogin app.
DEBUG 2022-05-31 05:07:34,148 views 8550 log into userlogin app.
DEBUG 2022-05-31 05:10:05,113 views 8677 log into userlogin app.
DEBUG 2022-05-31 05:15:02,103 views 8871 log into userlogin app.
DEBUG 2022-05-31 05:15:06,145 views 8938 log into userlogin app.
DEBUG 2022-05-31 05:15:10,214 views 8974 log into userlogin app.
DEBUG 2022-05-31 05:15:17,196 views 9025 log into userlogin app.
DEBUG 2022-05-31 05:15:26,315 views 9096 log into userlogin app.
DEBUG 2022-05-31 05:15:35,454 views 9150 log into userlogin app.
DEBUG 2022-05-31 05:15:42,622 views 9221 log into userlogin app.
DEBUG 2022-05-31 05:20:12,857 views 9380 log into userlogin app.
DEBUG 2022-05-31 05:20:15,798 views 9431 log into userlogin app.
DEBUG 2022-05-31 05:20:22,811 views 9488 log into userlogin app.
DEBUG 2022-05-31 05:20:25,914 views 9554 log into userlogin app.
DEBUG 2022-05-31 05:20:30,957 views 9638 log into userlogin app.
DEBUG 2022-05-31 05:20:38,971 views 9708 log into userlogin app.
DEBUG 2022-05-31 05:24:48,305 views 9880 log into userlogin app.
DEBUG 2022-05-31 05:40:10,486 views 10291 log into userlogin app.
DEBUG 2022-05-31 05:40:15,483 views 10345 log into userlogin app.
DEBUG 2022-05-31 05:40:21,492 views 10403 log into userlogin app.
DEBUG 2022-05-31 05:40:26,443 views 10473 log into userlogin app.
DEBUG 2022-05-31 05:40:44,623 views 10535 log into userlogin app.
DEBUG 2022-05-31 05:41:35,686 views 10610 log into userlogin app.
DEBUG 2022-05-31 05:41:54,105 views 10713 log into userlogin app.
DEBUG 2022-05-31 05:42:26,742 views 10790 log into userlogin app.
DEBUG 2022-05-31 05:42:56,269 views 10858 log into userlogin app.
DEBUG 2022-05-31 05:44:12,764 views 10947 log into userlogin app.
DEBUG 2022-05-31 05:46:15,180 views 11100 log into userlogin app.
DEBUG 2022-05-31 05:47:06,279 views 11249 log into userlogin app.
DEBUG 2022-05-31 05:47:14,353 views 11290 log into userlogin app.
DEBUG 2022-05-31 05:48:13,395 views 11381 log into userlogin app.
DEBUG 2022-05-31 05:48:41,989 views 11487 log into userlogin app.
DEBUG 2022-05-31 06:11:59,507 views 12109 log into userlogin app.
DEBUG 2022-05-31 06:13:05,770 views 12243 log into userlogin app.
DEBUG 2022-05-31 06:13:46,476 views 12331 log into userlogin app.
DEBUG 2022-05-31 06:14:02,594 views 12394 log into userlogin app.
DEBUG 2022-05-31 06:14:11,821 views 12410 log into userlogin app.
DEBUG 2022-05-31 06:14:27,036 views 12493 log into userlogin app.
DEBUG 2022-05-31 06:15:15,806 views 12574 log into userlogin app.
DEBUG 2022-05-31 06:17:17,031 views 12715 log into userlogin app.
DEBUG 2022-05-31 06:17:42,352 views 12728 log into userlogin app.
DEBUG 2022-05-31 06:18:00,534 views 12822 log into userlogin app.
DEBUG 2022-05-31 06:18:29,137 views 12883 log into userlogin app.
DEBUG 2022-05-31 06:19:25,315 views 12982 log into userlogin app.
DEBUG 2022-05-31 06:19:34,496 views 13024 log into userlogin app.
DEBUG 2022-05-31 06:20:10,112 views 13104 log into userlogin app.
DEBUG 2022-05-31 06:20:34,432 views 13142 log into userlogin app.
DEBUG 2022-05-31 06:22:24,540 views 13287 log into userlogin app.
DEBUG 2022-05-31 06:23:19,660 views 13364 log into userlogin app.
DEBUG 2022-05-31 06:23:57,377 views 13491 log into userlogin app.
DEBUG 2022-05-31 06:24:53,487 views 13599 log into userlogin app.
DEBUG 2022-05-31 06:25:12,797 views 13620 log into userlogin app.
DEBUG 2022-05-31 06:25:37,179 views 13673 log into userlogin app.
DEBUG 2022-05-31 06:26:13,864 views 13741 log into userlogin app.
DEBUG 2022-05-31 06:26:42,298 views 13825 log into userlogin app.
DEBUG 2022-05-31 06:26:58,757 views 13895 log into userlogin app.
DEBUG 2022-05-31 06:29:55,320 views 13997 log into userlogin app.
DEBUG 2022-05-31 06:30:17,647 views 14067 log into userlogin app.
DEBUG 2022-05-31 06:30:39,931 views 14138 log into userlogin app.
DEBUG 2022-05-31 06:31:18,811 views 14222 log into userlogin app.
DEBUG 2022-05-31 07:06:22,785 views 15285 log into userlogin app.
DEBUG 2022-05-31 07:06:42,073 views 15366 log into userlogin app.
DEBUG 2022-05-31 07:06:57,448 views 15415 log into userlogin app.
DEBUG 2022-05-31 07:09:25,464 views 15570 log into userlogin app.
DEBUG 2022-05-31 07:13:04,725 views 15718 log into userlogin app.
DEBUG 2022-05-31 07:17:00,585 views 15897 log into userlogin app.
DEBUG 2022-05-31 07:17:34,149 views 15933 log into userlogin app.
DEBUG 2022-05-31 07:18:53,706 views 16064 log into userlogin app.
DEBUG 2022-05-31 07:20:14,199 views 16270 log into userlogin app.
DEBUG 2022-05-31 07:20:37,661 views 16360 log into userlogin app.
DEBUG 2022-05-31 07:20:52,826 views 16411 log into userlogin app.
DEBUG 2022-05-31 07:24:35,355 views 16560 log into userlogin app.
DEBUG 2022-05-31 07:25:01,855 views 16652 log into userlogin app.
DEBUG 2022-05-31 07:25:19,126 views 16720 log into userlogin app.
DEBUG 2022-05-31 07:26:24,448 views 16815 log into userlogin app.
DEBUG 2022-05-31 07:26:43,924 views 16867 log into userlogin app.
DEBUG 2022-05-31 07:28:13,718 views 16971 log into userlogin app.
DEBUG 2022-05-31 07:29:40,469 views 17170 log into userlogin app.
DEBUG 2022-05-31 07:29:48,541 views 17243 log into userlogin app.
DEBUG 2022-05-31 07:30:41,527 views 17326 log into userlogin app.
DEBUG 2022-05-31 07:37:59,504 views 17789 log into userlogin app.
DEBUG 2022-05-31 07:38:11,760 views 17847 log into userlogin app.
DEBUG 2022-05-31 07:38:24,864 views 17920 log into userlogin app.
DEBUG 2022-05-31 07:38:52,209 views 17973 log into userlogin app.
DEBUG 2022-05-31 07:39:13,677 views 18061 log into userlogin app.
DEBUG 2022-05-31 07:39:42,197 views 18115 log into userlogin app.
DEBUG 2022-05-31 07:40:07,771 views 18193 log into userlogin app.
DEBUG 2022-05-31 07:45:16,090 views 18544 log into userlogin app.
DEBUG 2022-05-31 07:45:27,105 views 18608 log into userlogin app.
DEBUG 2022-05-31 07:45:41,349 views 18684 log into userlogin app.
DEBUG 2022-05-31 07:52:34,671 views 18974 log into userlogin app.
DEBUG 2022-05-31 08:29:06,948 views 19743 log into userlogin app.
DEBUG 2022-05-31 08:30:59,058 views 19838 log into userlogin app.
DEBUG 2022-05-31 08:31:08,142 views 19896 log into userlogin app.
DEBUG 2022-05-31 08:31:14,132 views 19951 log into userlogin app.
DEBUG 2022-05-31 08:37:09,345 views 20157 log into userlogin app.
DEBUG 2022-05-31 08:37:27,554 views 20227 log into userlogin app.
DEBUG 2022-05-31 08:37:58,964 views 20299 log into userlogin app.
DEBUG 2022-05-31 08:38:44,676 views 20402 log into userlogin app.
DEBUG 2022-05-31 08:39:30,439 views 20487 log into userlogin app.
DEBUG 2022-05-31 08:41:52,319 views 20639 log into userlogin app.
DEBUG 2022-05-31 08:44:33,801 views 20788 log into userlogin app.
DEBUG 2022-05-31 09:28:26,774 views 23536 log into userlogin app.
DEBUG 2022-05-31 09:28:54,125 views 23625 log into userlogin app.
DEBUG 2022-05-31 09:29:03,137 views 23665 log into userlogin app.
DEBUG 2022-05-31 09:29:21,432 views 23750 log into userlogin app.
DEBUG 2022-05-31 09:30:14,464 views 23826 log into userlogin app.
DEBUG 2022-05-31 09:35:06,110 views 24002 log into userlogin app.
DEBUG 2022-05-31 09:35:27,459 views 24075 log into userlogin app.
DEBUG 2022-05-31 09:35:34,583 views 24150 log into userlogin app.
DEBUG 2022-05-31 09:36:03,031 views 24223 log into userlogin app.
DEBUG 2022-05-31 09:36:16,179 views 24288 log into userlogin app.
DEBUG 2022-05-31 09:36:47,653 views 24353 log into userlogin app.
DEBUG 2022-05-31 09:59:58,962 views 25062 log into userlogin app.
DEBUG 2022-05-31 10:00:34,543 views 25157 log into userlogin app.
DEBUG 2022-05-31 10:05:51,780 views 25387 log into userlogin app.
DEBUG 2022-05-31 10:11:05,836 views 25705 log into userlogin app.
DEBUG 2022-05-31 10:12:55,890 views 25815 log into userlogin app.
DEBUG 2022-05-31 10:15:28,692 views 25931 log into userlogin app.
DEBUG 2022-05-31 10:15:40,784 views 25942 log into userlogin app.
DEBUG 2022-05-31 10:18:38,194 views 26116 log into userlogin app.
DEBUG 2022-05-31 10:29:46,518 views 26537 log into userlogin app.
DEBUG 2022-05-31 10:30:07,769 views 26615 log into userlogin app.
DEBUG 2022-05-31 10:32:01,910 views 26753 log into userlogin app.
DEBUG 2022-05-31 10:33:37,622 views 26841 log into userlogin app.
DEBUG 2022-05-31 10:34:44,771 views 26943 log into userlogin app.
DEBUG 2022-05-31 10:35:48,938 views 27043 log into userlogin app.
DEBUG 2022-05-31 10:53:16,863 views 27489 log into userlogin app.
DEBUG 2022-05-31 10:58:29,083 views 27680 log into userlogin app.
DEBUG 2022-05-31 10:58:50,300 views 27734 log into userlogin app.
DEBUG 2022-05-31 10:59:15,715 views 27800 log into userlogin app.
DEBUG 2022-05-31 10:59:27,802 views 27846 log into userlogin app.
DEBUG 2022-05-31 11:01:20,903 views 27993 log into userlogin app.
DEBUG 2022-05-31 11:01:35,131 views 28015 log into userlogin app.
DEBUG 2022-05-31 11:01:51,581 views 28111 log into userlogin app.
DEBUG 2022-05-31 11:02:15,921 views 28198 log into userlogin app.
DEBUG 2022-05-31 11:03:43,573 views 28300 log into userlogin app.
DEBUG 2022-05-31 11:05:08,293 views 28420 log into userlogin app.
DEBUG 2022-05-31 11:07:36,290 views 28560 log into userlogin app.
DEBUG 2022-05-31 11:09:22,364 views 28734 log into userlogin app.
DEBUG 2022-05-31 11:10:04,106 views 28771 log into userlogin app.
DEBUG 2022-05-31 11:10:37,715 views 28855 log into userlogin app.
DEBUG 2022-05-31 11:11:28,654 views 28930 log into userlogin app.
DEBUG 2022-05-31 11:11:42,787 views 28945 log into userlogin app.
DEBUG 2022-05-31 11:13:05,309 views 29031 log into userlogin app.
DEBUG 2022-05-31 11:17:19,505 views 29194 log into userlogin app.
DEBUG 2022-05-31 11:18:35,201 views 29286 log into userlogin app.
DEBUG 2022-05-31 11:19:08,805 views 29414 log into userlogin app.
DEBUG 2022-05-31 11:20:56,972 views 29528 log into userlogin app.
DEBUG 2022-05-31 11:21:56,079 views 29649 log into userlogin app.
DEBUG 2022-05-31 11:39:37,312 views 30139 log into userlogin app.
DEBUG 2022-05-31 11:41:11,133 views 30281 log into userlogin app.
DEBUG 2022-06-02 04:01:32,284 views 3979 log into userlogin app.
DEBUG 2022-06-02 04:10:34,839 views 4728 log into userlogin app.
DEBUG 2022-06-02 04:10:57,340 views 4804 log into userlogin app.
DEBUG 2022-06-02 04:11:14,755 views 4869 log into userlogin app.
DEBUG 2022-06-02 04:29:32,962 views 5847 log into userlogin app.
DEBUG 2022-06-02 04:41:15,041 views 6503 log into userlogin app.
DEBUG 2022-06-02 04:41:58,687 views 6611 log into userlogin app.
DEBUG 2022-06-02 04:42:01,826 views 6633 log into userlogin app.
DEBUG 2022-06-02 04:42:30,363 views 6712 log into userlogin app.
DEBUG 2022-06-02 04:43:47,012 views 6811 log into userlogin app.
DEBUG 2022-06-02 04:43:59,279 views 6853 log into userlogin app.
DEBUG 2022-06-02 04:44:06,267 views 6883 log into userlogin app.
DEBUG 2022-06-02 04:44:41,866 views 6958 log into userlogin app.
DEBUG 2022-06-02 04:45:24,603 views 7048 log into userlogin app.
DEBUG 2022-06-02 04:47:05,136 views 7129 log into userlogin app.
DEBUG 2022-06-02 05:46:13,490 views 10046 log into userlogin app.
DEBUG 2022-06-02 05:46:24,514 views 10053 log into userlogin app.
DEBUG 2022-06-02 05:47:05,047 views 10071 log into userlogin app.
DEBUG 2022-06-02 05:47:23,447 views 10144 log into userlogin app.
DEBUG 2022-06-02 05:47:49,058 views 10274 log into userlogin app.
DEBUG 2022-06-02 05:47:55,076 views 10304 log into userlogin app.
DEBUG 2022-06-02 05:48:36,125 views 10396 log into userlogin app.
DEBUG 2022-06-02 05:49:00,708 views 10488 log into userlogin app.
DEBUG 2022-06-02 05:49:09,010 views 10516 log into userlogin app.
DEBUG 2022-06-02 05:49:24,410 views 10579 log into userlogin app.
DEBUG 2022-06-02 05:49:47,901 views 10704 log into userlogin app.
DEBUG 2022-06-02 05:49:55,989 views 10714 log into userlogin app.
DEBUG 2022-06-02 05:57:13,291 views 10986 log into userlogin app.
DEBUG 2022-06-02 05:57:54,214 views 11097 log into userlogin app.
DEBUG 2022-06-02 05:58:08,662 views 11166 log into userlogin app.
DEBUG 2022-06-02 05:58:52,789 views 11243 log into userlogin app.
DEBUG 2022-06-02 05:59:01,186 views 11312 log into userlogin app.
DEBUG 2022-06-02 05:59:14,705 views 11367 log into userlogin app.
DEBUG 2022-06-02 05:59:21,172 views 11450 log into userlogin app.
DEBUG 2022-06-02 05:59:27,644 views 11519 log into userlogin app.
DEBUG 2022-06-02 05:59:41,126 views 11593 log into userlogin app.
DEBUG 2022-06-02 05:59:51,597 views 11663 log into userlogin app.
DEBUG 2022-06-02 06:00:02,180 views 11757 log into userlogin app.
DEBUG 2022-06-02 06:07:05,980 views 12022 log into userlogin app.
DEBUG 2022-06-02 06:07:44,882 views 12086 log into userlogin app.
DEBUG 2022-06-02 06:09:05,551 views 12190 log into userlogin app.
DEBUG 2022-06-02 06:18:28,467 views 12786 log into userlogin app.
DEBUG 2022-06-02 06:18:43,628 views 12850 log into userlogin app.
DEBUG 2022-06-02 06:19:46,981 views 12948 log into userlogin app.
DEBUG 2022-06-02 06:22:08,752 views 13061 log into userlogin app.
DEBUG 2022-06-02 06:22:51,664 views 13142 log into userlogin app.
DEBUG 2022-06-02 06:23:25,541 views 13225 log into userlogin app.
DEBUG 2022-06-02 06:24:36,023 views 13303 log into userlogin app.
DEBUG 2022-06-02 06:25:01,567 views 13373 log into userlogin app.
DEBUG 2022-06-02 06:25:53,614 views 13452 log into userlogin app.
DEBUG 2022-06-02 06:29:17,660 views 13555 log into userlogin app.
DEBUG 2022-06-02 06:29:30,817 views 13627 log into userlogin app.
DEBUG 2022-06-02 06:32:26,257 views 13864 log into userlogin app.
DEBUG 2022-06-02 06:32:49,788 views 13925 log into userlogin app.
DEBUG 2022-06-02 06:33:25,505 views 13995 log into userlogin app.
DEBUG 2022-06-02 06:35:12,795 views 14221 log into userlogin app.
DEBUG 2022-06-02 06:36:50,845 views 14334 log into userlogin app.
DEBUG 2022-06-02 06:37:36,758 views 14402 log into userlogin app.
DEBUG 2022-06-02 06:37:46,921 views 14431 log into userlogin app.
DEBUG 2022-06-02 06:38:22,650 views 14519 log into userlogin app.
DEBUG 2022-06-02 06:38:45,006 views 14550 log into userlogin app.
DEBUG 2022-06-02 06:39:40,334 views 14643 log into userlogin app.
DEBUG 2022-06-02 06:40:27,434 views 14684 log into userlogin app.
DEBUG 2022-06-02 06:41:01,190 views 14794 log into userlogin app.
DEBUG 2022-06-02 06:42:10,897 views 14883 log into userlogin app.
DEBUG 2022-06-02 06:42:34,312 views 14967 log into userlogin app.
DEBUG 2022-06-02 06:45:20,931 views 15200 log into userlogin app.
DEBUG 2022-06-02 06:46:58,192 views 15301 log into userlogin app.
DEBUG 2022-06-02 06:47:58,432 views 15417 log into userlogin app.
DEBUG 2022-06-02 06:48:51,577 views 15473 log into userlogin app.
DEBUG 2022-06-02 06:48:56,721 views 15514 log into userlogin app.
DEBUG 2022-06-02 06:50:18,600 views 15622 log into userlogin app.
DEBUG 2022-06-02 06:50:59,648 views 15717 log into userlogin app.
DEBUG 2022-06-02 07:14:06,730 views 16973 log into userlogin app.
DEBUG 2022-06-02 07:15:27,606 views 17124 log into userlogin app.
DEBUG 2022-06-02 07:15:53,246 views 17213 log into userlogin app.
DEBUG 2022-06-02 07:16:35,039 views 17250 log into userlogin app.
DEBUG 2022-06-02 07:17:34,412 views 17331 log into userlogin app.
DEBUG 2022-06-02 07:18:08,200 views 17404 log into userlogin app.
DEBUG 2022-06-02 07:20:12,860 views 17710 log into userlogin app.
DEBUG 2022-06-02 07:21:39,902 views 17834 log into userlogin app.
DEBUG 2022-06-02 07:22:10,711 views 17930 log into userlogin app.
DEBUG 2022-06-02 07:50:45,176 views 19285 log into userlogin app.
DEBUG 2022-06-02 07:53:22,267 views 19417 log into userlogin app.
DEBUG 2022-06-02 07:53:32,535 views 19443 log into userlogin app.
DEBUG 2022-06-02 07:54:33,683 views 19481 log into userlogin app.
DEBUG 2022-06-02 07:54:57,066 views 19534 log into userlogin app.
DEBUG 2022-06-02 07:56:28,841 views 19721 log into userlogin app.
DEBUG 2022-06-02 07:56:53,309 views 19796 log into userlogin app.
DEBUG 2022-06-02 07:58:05,722 views 19924 log into userlogin app.
DEBUG 2022-06-02 07:58:43,371 views 19998 log into userlogin app.
DEBUG 2022-06-02 07:59:51,708 views 20089 log into userlogin app.
DEBUG 2022-06-02 08:01:04,972 views 20196 log into userlogin app.
DEBUG 2022-06-02 08:02:11,244 views 20240 log into userlogin app.
DEBUG 2022-06-02 08:02:39,872 views 20342 log into userlogin app.
DEBUG 2022-06-02 08:03:11,464 views 20420 log into userlogin app.
DEBUG 2022-06-02 08:11:55,161 views 21384 log into userlogin app.
DEBUG 2022-06-02 08:12:10,338 views 21428 log into userlogin app.
DEBUG 2022-06-02 09:13:12,073 views 22500 log into userlogin app.
DEBUG 2022-06-02 09:16:01,482 views 22659 log into userlogin app.
DEBUG 2022-06-02 09:16:15,752 views 22720 log into userlogin app.
DEBUG 2022-06-02 09:16:56,572 views 22802 log into userlogin app.
DEBUG 2022-06-02 09:17:35,365 views 22878 log into userlogin app.
DEBUG 2022-06-02 09:22:00,571 views 23177 log into userlogin app.
DEBUG 2022-06-02 09:27:26,268 views 23394 log into userlogin app.
DEBUG 2022-06-02 09:29:17,477 views 23521 log into userlogin app.
DEBUG 2022-06-02 09:30:01,267 views 23630 log into userlogin app.
DEBUG 2022-06-02 09:37:44,706 views 23853 log into userlogin app.
DEBUG 2022-06-02 09:37:55,973 views 23928 log into userlogin app.
DEBUG 2022-06-02 09:38:08,281 views 23989 log into userlogin app.
DEBUG 2022-06-02 09:38:31,808 views 24063 log into userlogin app.
DEBUG 2022-06-02 09:38:43,099 views 24110 log into userlogin app.
DEBUG 2022-06-02 09:38:48,219 views 24179 log into userlogin app.
DEBUG 2022-06-02 09:39:40,258 views 24270 log into userlogin app.
DEBUG 2022-06-02 09:39:50,386 views 24297 log into userlogin app.
DEBUG 2022-06-02 09:40:09,877 views 24379 log into userlogin app.
DEBUG 2022-06-02 09:40:32,492 views 24428 log into userlogin app.
DEBUG 2022-06-02 09:44:24,442 views 24573 log into userlogin app.
DEBUG 2022-06-02 09:45:17,548 views 24681 log into userlogin app.
DEBUG 2022-06-02 09:46:02,545 views 24767 log into userlogin app.
DEBUG 2022-06-02 09:50:24,861 views 25015 log into userlogin app.
DEBUG 2022-06-02 09:50:33,373 views 25069 log into userlogin app.
DEBUG 2022-06-02 09:50:41,489 views 25115 log into userlogin app.
DEBUG 2022-06-02 09:50:50,189 views 25127 log into userlogin app.
DEBUG 2022-06-02 09:50:53,263 views 25179 log into userlogin app.
DEBUG 2022-06-02 09:52:35,556 views 25413 log into userlogin app.
DEBUG 2022-06-02 09:53:16,297 views 25554 log into userlogin app.
DEBUG 2022-06-02 09:54:24,929 views 25643 log into userlogin app.
DEBUG 2022-06-02 09:58:06,687 views 25811 log into userlogin app.
DEBUG 2022-06-02 09:58:26,067 views 25904 log into userlogin app.
DEBUG 2022-06-02 09:58:40,334 views 25964 log into userlogin app.
DEBUG 2022-06-02 09:58:59,047 views 25982 log into userlogin app.
DEBUG 2022-06-02 09:59:16,592 views 26040 log into userlogin app.
DEBUG 2022-06-02 10:01:06,919 views 26175 log into userlogin app.
DEBUG 2022-06-02 10:02:12,210 views 26380 log into userlogin app.
DEBUG 2022-06-02 10:02:51,123 views 26479 log into userlogin app.
DEBUG 2022-06-02 10:03:58,471 views 26651 log into userlogin app.
DEBUG 2022-06-02 10:04:20,917 views 26684 log into userlogin app.
DEBUG 2022-06-02 10:05:21,055 views 26742 log into userlogin app.
DEBUG 2022-06-02 10:05:27,176 views 26768 log into userlogin app.
DEBUG 2022-06-02 10:06:11,046 views 26849 log into userlogin app.
DEBUG 2022-06-02 10:06:15,054 views 26873 log into userlogin app.
DEBUG 2022-06-02 10:06:28,362 views 26951 log into userlogin app.
DEBUG 2022-06-02 10:07:45,829 views 27033 log into userlogin app.
DEBUG 2022-06-02 10:08:04,148 views 27164 log into userlogin app.
DEBUG 2022-06-02 10:08:16,403 views 27208 log into userlogin app.
DEBUG 2022-06-02 10:09:01,260 views 27306 log into userlogin app.
DEBUG 2022-06-02 10:09:25,753 views 27367 log into userlogin app.
DEBUG 2022-06-02 10:09:49,116 views 27431 log into userlogin app.
DEBUG 2022-06-02 10:11:22,078 views 27539 log into userlogin app.
DEBUG 2022-06-02 10:11:45,803 views 27652 log into userlogin app.
DEBUG 2022-06-02 10:12:55,337 views 27728 log into userlogin app.
DEBUG 2022-06-02 10:14:59,827 views 27931 log into userlogin app.
DEBUG 2022-06-02 10:15:35,339 views 27992 log into userlogin app.
DEBUG 2022-06-02 10:19:33,130 views 28168 log into userlogin app.
DEBUG 2022-06-02 10:19:48,432 views 28249 log into userlogin app.
DEBUG 2022-06-02 10:20:43,413 views 28351 log into userlogin app.
DEBUG 2022-06-02 10:30:56,852 views 28705 log into userlogin app.
DEBUG 2022-06-02 10:31:20,166 views 28766 log into userlogin app.
DEBUG 2022-06-02 10:32:12,149 views 28837 log into userlogin app.
DEBUG 2022-06-02 10:32:21,228 views 28902 log into userlogin app.
DEBUG 2022-06-02 10:37:19,189 views 29193 log into userlogin app.
DEBUG 2022-06-02 10:38:24,414 views 29288 log into userlogin app.
DEBUG 2022-06-02 10:38:37,700 views 29366 log into userlogin app.
DEBUG 2022-06-02 10:40:28,703 views 29466 log into userlogin app.
DEBUG 2022-06-02 10:40:35,790 views 29489 log into userlogin app.
DEBUG 2022-06-02 10:43:20,113 views 29732 log into userlogin app.
DEBUG 2022-06-02 10:44:49,865 views 29841 log into userlogin app.
DEBUG 2022-06-02 10:44:55,833 views 29886 log into userlogin app.
DEBUG 2022-06-02 11:15:32,684 views 30802 log into userlogin app.
DEBUG 2022-06-02 11:23:04,513 views 31217 log into userlogin app.
DEBUG 2022-06-02 11:23:20,574 api 31217 Oops!!code is not valid..Please try again..
DEBUG 2022-06-02 11:23:20,808 api 31217 Serializer is not valid
DEBUG 2022-06-02 11:23:21,909 views 31217 Password Reset page load successfully.
DEBUG 2022-06-02 11:23:22,110 views 31217 Password Reset page load successfully.
DEBUG 2022-06-02 11:23:22,501 views 31217 Password Reset page load successfully.
DEBUG 2022-06-02 11:23:23,451 views 31217 Login page load successfully.
DEBUG 2022-06-02 11:23:24,251 views 31217 Signup page load successfully.
DEBUG 2022-06-02 11:23:26,244 views 31217 Signup page load successfully.
DEBUG 2022-06-02 11:23:28,372 views 31217 Signup page load successfully.
DEBUG 2022-06-02 11:23:30,674 views 31217 Signup page load successfully.
DEBUG 2022-06-02 11:23:32,703 views 31217 Signup page load successfully.
DEBUG 2022-06-02 11:23:35,031 views 31217 Signup page load successfully.
DEBUG 2022-06-02 11:23:37,560 views 31217 Signup page load successfully.
DEBUG 2022-06-02 11:23:39,698 api 31217 User created successfully.
DEBUG 2022-06-02 11:23:43,075 views 31217 user view their address
DEBUG 2022-06-02 11:23:43,275 views 31217 User address page load successfully.
DEBUG 2022-06-02 11:23:43,718 views 31217 Profile page load successfully.
DEBUG 2022-06-02 11:23:45,887 views 31217 Profile page load successfully.
DEBUG 2022-06-02 11:23:48,541 views 31217 Login page load successfully.
DEBUG 2022-06-02 11:23:49,663 views 31217 Signup page load successfully.
DEBUG 2022-06-02 11:25:28,654 views 31392 log into userlogin app.
