INFO 2022-05-24 07:15:32,047 views 19162 log into userlogin app.
INFO 2022-05-24 07:28:15,973 views 19615 log into userlogin app.
INFO 2022-05-24 07:28:23,929 views 19639 log into userlogin app.
INFO 2022-05-24 07:33:36,936 views 19870 log into userlogin app.
INFO 2022-05-24 07:34:22,698 views 19916 log into userlogin app.
INFO 2022-05-24 07:34:37,966 views 19941 log into userlogin app.
INFO 2022-05-24 07:35:46,132 views 20046 log into userlogin app.
INFO 2022-05-24 07:35:51,205 views 20070 log into userlogin app.
INFO 2022-05-24 07:36:19,608 views 20121 log into userlogin app.
INFO 2022-05-24 07:37:44,045 views 20196 log into userlogin app.
INFO 2022-05-24 07:39:28,105 views 20287 log into userlogin app.
INFO 2022-05-24 07:42:10,311 views 20437 log into userlogin app.
INFO 2022-05-24 07:42:22,690 views 20464 log into userlogin app.
INFO 2022-05-24 07:42:42,120 views 20507 log into userlogin app.
INFO 2022-05-24 07:44:00,563 views 20604 log into userlogin app.
INFO 2022-05-24 07:45:35,418 views 20680 log into userlogin app.
INFO 2022-05-24 07:46:21,132 views 20680 Your profile updated successfully..
INFO 2022-05-24 07:48:39,647 views 21015 log into userlogin app.
INFO 2022-05-24 08:14:23,627 views 21645 log into userlogin app.
INFO 2022-05-24 08:15:49,775 views 21645 address updated successfully.
INFO 2022-05-24 08:17:48,694 views 21876 log into userlogin app.
INFO 2022-05-24 08:19:51,663 views 21876 product list load successfully
INFO 2022-05-24 08:19:51,663 views 21876 INDEX page load successfully
INFO 2022-05-24 08:19:54,947 views 21876 product list load successfully
INFO 2022-05-24 08:19:54,947 views 21876 INDEX page load successfully
INFO 2022-05-24 08:19:59,284 views 21876 INDEX page load successfully
INFO 2022-05-24 08:20:10,694 views 21876 INDEX page load successfully
INFO 2022-05-24 08:21:49,672 views 22270 log into userlogin app.
INFO 2022-05-24 08:21:52,694 views 22270 serach product category wise
INFO 2022-05-24 08:21:52,696 views 22270 product list load successfully
INFO 2022-05-24 08:21:52,696 views 22270 INDEX page load successfully
INFO 2022-05-24 08:23:02,244 views 22393 log into userlogin app.
INFO 2022-05-24 08:23:06,046 views 22393 Filter Products Category wise.
INFO 2022-05-24 08:23:06,049 views 22393 product list load successfully
INFO 2022-05-24 08:23:06,049 views 22393 INDEX page load successfully
INFO 2022-05-24 08:29:45,339 views 22695 log into userlogin app.
INFO 2022-05-24 08:36:11,921 views 22937 log into userlogin app.
INFO 2022-05-24 08:40:41,328 views 23147 log into userlogin app.
INFO 2022-05-24 08:42:21,056 views 23239 log into userlogin app.
INFO 2022-05-24 08:47:23,834 views 23453 log into userlogin app.
INFO 2022-05-24 08:49:59,708 views 23559 log into userlogin app.
INFO 2022-05-24 08:51:03,702 views 23636 log into userlogin app.
INFO 2022-05-24 08:53:27,332 views 23736 log into userlogin app.
INFO 2022-05-24 08:54:45,801 views 23819 log into userlogin app.
INFO 2022-05-24 08:56:19,878 views 23913 log into userlogin app.
INFO 2022-05-24 09:02:28,163 views 24179 log into userlogin app.
INFO 2022-05-24 09:02:28,164 api 24179 Address list load successfully.
INFO 2022-05-24 09:02:28,164 api 24179 Address created successfully.
INFO 2022-05-24 09:02:28,164 api 24179 Address retrieved successfully.
INFO 2022-05-24 09:02:28,164 api 24179 Address Updated Successfully.
INFO 2022-05-24 09:02:28,164 api 24179 Address Deleted Successfully.
INFO 2022-05-24 09:02:59,691 views 24216 log into userlogin app.
INFO 2022-05-24 09:02:59,691 api 24216 Address list load successfully.
INFO 2022-05-24 09:02:59,692 api 24216 Address created successfully.
INFO 2022-05-24 09:02:59,692 api 24216 Address retrieved successfully.
INFO 2022-05-24 09:02:59,692 api 24216 Address Updated Successfully.
INFO 2022-05-24 09:02:59,692 api 24216 Address Deleted Successfully.
INFO 2022-05-24 09:04:35,614 views 24304 log into userlogin app.
INFO 2022-05-24 09:04:35,615 api 24304 Address list load successfully.
INFO 2022-05-24 09:04:35,615 api 24304 Address created successfully.
INFO 2022-05-24 09:04:35,615 api 24304 Address retrieved successfully.
INFO 2022-05-24 09:04:35,616 api 24304 Address Updated Successfully.
INFO 2022-05-24 09:04:35,616 api 24304 Address Deleted Successfully.
INFO 2022-05-24 09:05:25,563 views 24411 log into userlogin app.
INFO 2022-05-24 09:05:25,563 api 24411 Address list load successfully.
INFO 2022-05-24 09:05:25,564 api 24411 Address created successfully.
INFO 2022-05-24 09:05:25,564 api 24411 Address retrieved successfully.
INFO 2022-05-24 09:05:25,564 api 24411 Address Updated Successfully.
INFO 2022-05-24 09:05:25,564 api 24411 Address Deleted Successfully.
INFO 2022-05-24 09:07:02,272 views 24504 log into userlogin app.
INFO 2022-05-24 09:07:02,273 api 24504 Address list load successfully.
INFO 2022-05-24 09:07:02,273 api 24504 Address created successfully.
INFO 2022-05-24 09:07:02,273 api 24504 Address retrieved successfully.
INFO 2022-05-24 09:07:02,273 api 24504 Address Updated Successfully.
INFO 2022-05-24 09:07:02,273 api 24504 Address Deleted Successfully.
INFO 2022-05-24 09:09:54,410 api 24504 User serializer v1 called with all the fields.
INFO 2022-05-24 09:10:16,961 api 24504 User Retrieve successfully.
INFO 2022-05-24 09:10:16,973 api 24504 user get successfully.
INFO 2022-05-24 09:10:32,084 api 24504 User Retrieve successfully.
INFO 2022-05-24 09:10:32,103 api 24504 user get successfully.
INFO 2022-05-24 09:10:37,930 api 24504 User Retrieve successfully.
INFO 2022-05-24 09:12:55,588 api 24504 Please enter valid email
INFO 2022-05-24 09:13:21,942 api 24504 Token created Successfully.
INFO 2022-05-24 09:13:58,220 api 24504 Password updated Successfully!!Please login into System with your new password..
INFO 2022-05-24 09:37:54,765 views 26091 log into userlogin app.
INFO 2022-05-24 09:37:54,766 api 26091 Address list load successfully.
INFO 2022-05-24 09:37:54,766 api 26091 Address created successfully.
INFO 2022-05-24 09:37:54,766 api 26091 Address retrieved successfully.
INFO 2022-05-24 09:37:54,766 api 26091 Address Updated Successfully.
INFO 2022-05-24 09:37:54,766 api 26091 Address Deleted Successfully.
INFO 2022-05-24 10:34:09,661 views 27560 log into userlogin app.
INFO 2022-05-24 10:34:09,661 api 27560 Address list load successfully.
INFO 2022-05-24 10:34:09,661 api 27560 Address created successfully.
INFO 2022-05-24 10:34:09,661 api 27560 Address retrieved successfully.
INFO 2022-05-24 10:34:09,662 api 27560 Address Updated Successfully.
INFO 2022-05-24 10:34:09,662 api 27560 Address Deleted Successfully.
INFO 2022-05-24 10:36:09,875 views 27560 login successfully..
INFO 2022-05-24 10:36:09,902 views 27560 product list load successfully
INFO 2022-05-24 10:36:09,902 views 27560 INDEX page load successfully
INFO 2022-05-24 10:37:04,931 views 27560 Your profile updated successfully..
INFO 2022-05-24 10:44:37,704 views 27560 address updated successfully.
INFO 2022-05-24 11:45:20,717 views 29634 log into userlogin app.
INFO 2022-05-24 11:45:20,718 api 29634 Address list load successfully.
INFO 2022-05-24 11:45:20,718 api 29634 Address created successfully.
INFO 2022-05-24 11:45:20,718 api 29634 Address retrieved successfully.
INFO 2022-05-24 11:45:20,718 api 29634 Address Updated Successfully.
INFO 2022-05-24 11:45:20,718 api 29634 Address Deleted Successfully.
INFO 2022-05-24 12:38:11,320 views 31534 log into userlogin app.
INFO 2022-05-24 12:38:11,321 api 31534 Address list load successfully.
INFO 2022-05-24 12:38:11,321 api 31534 Address created successfully.
INFO 2022-05-24 12:38:11,321 api 31534 Address retrieved successfully.
INFO 2022-05-24 12:38:11,321 api 31534 Address Updated Successfully.
INFO 2022-05-24 12:38:11,321 api 31534 Address Deleted Successfully.
INFO 2022-05-24 12:55:04,132 views 32066 log into userlogin app.
INFO 2022-05-24 12:55:04,132 api 32066 Address list load successfully.
INFO 2022-05-24 12:55:04,132 api 32066 Address created successfully.
INFO 2022-05-24 12:55:04,133 api 32066 Address retrieved successfully.
INFO 2022-05-24 12:55:04,133 api 32066 Address Updated Successfully.
INFO 2022-05-24 12:55:04,133 api 32066 Address Deleted Successfully.
INFO 2022-05-24 12:55:33,700 views 32284 log into userlogin app.
INFO 2022-05-24 12:55:33,701 api 32284 Address list load successfully.
INFO 2022-05-24 12:55:33,701 api 32284 Address created successfully.
INFO 2022-05-24 12:55:33,701 api 32284 Address retrieved successfully.
INFO 2022-05-24 12:55:33,701 api 32284 Address Updated Successfully.
INFO 2022-05-24 12:55:33,701 api 32284 Address Deleted Successfully.
INFO 2022-05-25 04:44:54,226 views 6008 log into userlogin app.
INFO 2022-05-25 04:44:54,227 api 6008 Address list load successfully.
INFO 2022-05-25 04:44:54,227 api 6008 Address created successfully.
INFO 2022-05-25 04:44:54,227 api 6008 Address retrieved successfully.
INFO 2022-05-25 04:44:54,227 api 6008 Address Updated Successfully.
INFO 2022-05-25 04:44:54,227 api 6008 Address Deleted Successfully.
INFO 2022-05-25 04:46:02,014 views 6056 log into userlogin app.
INFO 2022-05-25 04:46:02,015 api 6056 Address list load successfully.
INFO 2022-05-25 04:46:02,015 api 6056 Address created successfully.
INFO 2022-05-25 04:46:02,015 api 6056 Address retrieved successfully.
INFO 2022-05-25 04:46:02,015 api 6056 Address Updated Successfully.
INFO 2022-05-25 04:46:02,015 api 6056 Address Deleted Successfully.
INFO 2022-05-25 06:30:14,369 views 9977 log into userlogin app.
INFO 2022-05-25 06:30:14,369 api 9977 Address list load successfully.
INFO 2022-05-25 06:30:14,370 api 9977 Address created successfully.
INFO 2022-05-25 06:30:14,370 api 9977 Address retrieved successfully.
INFO 2022-05-25 06:30:14,370 api 9977 Address Updated Successfully.
INFO 2022-05-25 06:30:14,370 api 9977 Address Deleted Successfully.
INFO 2022-05-25 06:30:34,755 views 10023 log into userlogin app.
INFO 2022-05-25 06:30:34,755 api 10023 Address list load successfully.
INFO 2022-05-25 06:30:34,756 api 10023 Address created successfully.
INFO 2022-05-25 06:30:34,756 api 10023 Address retrieved successfully.
INFO 2022-05-25 06:30:34,756 api 10023 Address Updated Successfully.
INFO 2022-05-25 06:30:34,756 api 10023 Address Deleted Successfully.
INFO 2022-05-25 06:55:42,197 views 12268 log into userlogin app.
INFO 2022-05-25 06:55:42,197 api 12268 Address list load successfully.
INFO 2022-05-25 06:55:42,198 api 12268 Address created successfully.
INFO 2022-05-25 06:55:42,198 api 12268 Address retrieved successfully.
INFO 2022-05-25 06:55:42,198 api 12268 Address Updated Successfully.
INFO 2022-05-25 06:55:42,198 api 12268 Address Deleted Successfully.
INFO 2022-05-25 08:42:32,410 views 15580 log into userlogin app.
INFO 2022-05-25 08:42:32,411 api 15580 Address list load successfully.
INFO 2022-05-25 08:42:32,411 api 15580 Address created successfully.
INFO 2022-05-25 08:42:32,411 api 15580 Address retrieved successfully.
INFO 2022-05-25 08:42:32,411 api 15580 Address Updated Successfully.
INFO 2022-05-25 08:42:32,411 api 15580 Address Deleted Successfully.
INFO 2022-05-25 08:49:44,094 views 16096 log into userlogin app.
INFO 2022-05-25 08:49:44,095 api 16096 Address list load successfully.
INFO 2022-05-25 08:49:44,095 api 16096 Address created successfully.
INFO 2022-05-25 08:49:44,095 api 16096 Address retrieved successfully.
INFO 2022-05-25 08:49:44,095 api 16096 Address Updated Successfully.
INFO 2022-05-25 08:49:44,095 api 16096 Address Deleted Successfully.
INFO 2022-05-25 09:01:26,625 views 16688 log into userlogin app.
INFO 2022-05-25 09:01:26,626 api 16688 Address list load successfully.
INFO 2022-05-25 09:01:26,626 api 16688 Address created successfully.
INFO 2022-05-25 09:01:26,626 api 16688 Address retrieved successfully.
INFO 2022-05-25 09:01:26,626 api 16688 Address Updated Successfully.
INFO 2022-05-25 09:01:26,627 api 16688 Address Deleted Successfully.
INFO 2022-05-25 09:02:03,472 views 16796 log into userlogin app.
INFO 2022-05-25 09:02:03,473 api 16796 Address list load successfully.
INFO 2022-05-25 09:02:03,473 api 16796 Address created successfully.
INFO 2022-05-25 09:02:03,473 api 16796 Address retrieved successfully.
INFO 2022-05-25 09:02:03,473 api 16796 Address Updated Successfully.
INFO 2022-05-25 09:02:03,473 api 16796 Address Deleted Successfully.
INFO 2022-05-25 09:02:17,618 views 16919 log into userlogin app.
INFO 2022-05-25 09:02:17,618 api 16919 Address list load successfully.
INFO 2022-05-25 09:02:17,618 api 16919 Address created successfully.
INFO 2022-05-25 09:02:17,618 api 16919 Address retrieved successfully.
INFO 2022-05-25 09:02:17,618 api 16919 Address Updated Successfully.
INFO 2022-05-25 09:02:17,619 api 16919 Address Deleted Successfully.
INFO 2022-05-25 09:04:49,720 views 17256 log into userlogin app.
INFO 2022-05-25 09:04:49,721 api 17256 Address list load successfully.
INFO 2022-05-25 09:04:49,721 api 17256 Address created successfully.
INFO 2022-05-25 09:04:49,721 api 17256 Address retrieved successfully.
INFO 2022-05-25 09:04:49,721 api 17256 Address Updated Successfully.
INFO 2022-05-25 09:04:49,721 api 17256 Address Deleted Successfully.
INFO 2022-05-25 09:05:16,071 views 17302 log into userlogin app.
INFO 2022-05-25 09:05:16,072 api 17302 Address list load successfully.
INFO 2022-05-25 09:05:16,072 api 17302 Address created successfully.
INFO 2022-05-25 09:05:16,072 api 17302 Address retrieved successfully.
INFO 2022-05-25 09:05:16,072 api 17302 Address Updated Successfully.
INFO 2022-05-25 09:05:16,073 api 17302 Address Deleted Successfully.
INFO 2022-05-25 09:05:22,055 views 17354 log into userlogin app.
INFO 2022-05-25 09:05:22,055 api 17354 Address list load successfully.
INFO 2022-05-25 09:05:22,056 api 17354 Address created successfully.
INFO 2022-05-25 09:05:22,056 api 17354 Address retrieved successfully.
INFO 2022-05-25 09:05:22,056 api 17354 Address Updated Successfully.
INFO 2022-05-25 09:05:22,056 api 17354 Address Deleted Successfully.
INFO 2022-05-25 09:05:42,318 views 17390 log into userlogin app.
INFO 2022-05-25 09:05:42,319 api 17390 Address list load successfully.
INFO 2022-05-25 09:05:42,319 api 17390 Address created successfully.
INFO 2022-05-25 09:05:42,320 api 17390 Address retrieved successfully.
INFO 2022-05-25 09:05:42,320 api 17390 Address Updated Successfully.
INFO 2022-05-25 09:05:42,320 api 17390 Address Deleted Successfully.
INFO 2022-05-25 09:06:54,968 views 17583 log into userlogin app.
INFO 2022-05-25 09:06:54,969 api 17583 Address list load successfully.
INFO 2022-05-25 09:06:54,969 api 17583 Address created successfully.
INFO 2022-05-25 09:06:54,969 api 17583 Address retrieved successfully.
INFO 2022-05-25 09:06:54,969 api 17583 Address Updated Successfully.
INFO 2022-05-25 09:06:54,969 api 17583 Address Deleted Successfully.
INFO 2022-05-25 09:18:33,721 views 18712 log into userlogin app.
INFO 2022-05-25 09:18:33,722 api 18712 Address list load successfully.
INFO 2022-05-25 09:18:33,722 api 18712 Address created successfully.
INFO 2022-05-25 09:18:33,723 api 18712 Address retrieved successfully.
INFO 2022-05-25 09:18:33,723 api 18712 Address Updated Successfully.
INFO 2022-05-25 09:18:33,723 api 18712 Address Deleted Successfully.
INFO 2022-05-25 09:26:01,069 views 19415 log into userlogin app.
INFO 2022-05-25 09:26:01,070 api 19415 Address list load successfully.
INFO 2022-05-25 09:26:01,070 api 19415 Address created successfully.
INFO 2022-05-25 09:26:01,071 api 19415 Address retrieved successfully.
INFO 2022-05-25 09:26:01,071 api 19415 Address Updated Successfully.
INFO 2022-05-25 09:26:01,071 api 19415 Address Deleted Successfully.
INFO 2022-05-25 09:29:42,685 views 19867 log into userlogin app.
INFO 2022-05-25 09:29:42,686 api 19867 Address list load successfully.
INFO 2022-05-25 09:29:42,686 api 19867 Address created successfully.
INFO 2022-05-25 09:29:42,686 api 19867 Address retrieved successfully.
INFO 2022-05-25 09:29:42,687 api 19867 Address Updated Successfully.
INFO 2022-05-25 09:29:42,687 api 19867 Address Deleted Successfully.
INFO 2022-05-25 09:36:39,693 views 20764 log into userlogin app.
INFO 2022-05-25 09:36:39,694 api 20764 Address list load successfully.
INFO 2022-05-25 09:36:39,694 api 20764 Address created successfully.
INFO 2022-05-25 09:36:39,694 api 20764 Address retrieved successfully.
INFO 2022-05-25 09:36:39,694 api 20764 Address Updated Successfully.
INFO 2022-05-25 09:36:39,694 api 20764 Address Deleted Successfully.
INFO 2022-05-25 09:39:49,387 views 21056 log into userlogin app.
INFO 2022-05-25 09:39:49,388 api 21056 Address list load successfully.
INFO 2022-05-25 09:39:49,388 api 21056 Address created successfully.
INFO 2022-05-25 09:39:49,388 api 21056 Address retrieved successfully.
INFO 2022-05-25 09:39:49,388 api 21056 Address Updated Successfully.
INFO 2022-05-25 09:39:49,388 api 21056 Address Deleted Successfully.
INFO 2022-05-25 09:39:53,399 views 21139 log into userlogin app.
INFO 2022-05-25 09:39:53,400 api 21139 Address list load successfully.
INFO 2022-05-25 09:39:53,400 api 21139 Address created successfully.
INFO 2022-05-25 09:39:53,400 api 21139 Address retrieved successfully.
INFO 2022-05-25 09:39:53,401 api 21139 Address Updated Successfully.
INFO 2022-05-25 09:39:53,401 api 21139 Address Deleted Successfully.
INFO 2022-05-25 09:46:53,118 views 21392 log into userlogin app.
INFO 2022-05-25 09:46:53,119 api 21392 Address list load successfully.
INFO 2022-05-25 09:46:53,119 api 21392 Address created successfully.
INFO 2022-05-25 09:46:53,120 api 21392 Address retrieved successfully.
INFO 2022-05-25 09:46:53,120 api 21392 Address Updated Successfully.
INFO 2022-05-25 09:46:53,120 api 21392 Address Deleted Successfully.
INFO 2022-05-25 10:11:17,040 views 22395 log into userlogin app.
INFO 2022-05-25 10:11:17,041 api 22395 Address list load successfully.
INFO 2022-05-25 10:11:17,041 api 22395 Address created successfully.
INFO 2022-05-25 10:11:17,041 api 22395 Address retrieved successfully.
INFO 2022-05-25 10:11:17,041 api 22395 Address Updated Successfully.
INFO 2022-05-25 10:11:17,041 api 22395 Address Deleted Successfully.
INFO 2022-05-25 11:22:02,285 views 24837 log into userlogin app.
INFO 2022-05-25 11:22:02,285 api 24837 Address list load successfully.
INFO 2022-05-25 11:22:02,285 api 24837 Address created successfully.
INFO 2022-05-25 11:22:02,285 api 24837 Address retrieved successfully.
INFO 2022-05-25 11:22:02,286 api 24837 Address Updated Successfully.
INFO 2022-05-25 11:22:02,286 api 24837 Address Deleted Successfully.
INFO 2022-05-25 11:22:08,523 views 24921 log into userlogin app.
INFO 2022-05-25 11:22:08,524 api 24921 Address list load successfully.
INFO 2022-05-25 11:22:08,524 api 24921 Address created successfully.
INFO 2022-05-25 11:22:08,524 api 24921 Address retrieved successfully.
INFO 2022-05-25 11:22:08,525 api 24921 Address Updated Successfully.
INFO 2022-05-25 11:22:08,525 api 24921 Address Deleted Successfully.
INFO 2022-05-25 11:42:48,829 views 27069 log into userlogin app.
INFO 2022-05-25 11:42:48,830 api 27069 Address list load successfully.
INFO 2022-05-25 11:42:48,830 api 27069 Address created successfully.
INFO 2022-05-25 11:42:48,830 api 27069 Address retrieved successfully.
INFO 2022-05-25 11:42:48,830 api 27069 Address Updated Successfully.
INFO 2022-05-25 11:42:48,830 api 27069 Address Deleted Successfully.
INFO 2022-05-25 11:42:51,165 views 27069 product list load successfully
INFO 2022-05-25 11:42:51,165 views 27069 INDEX page load successfully
INFO 2022-05-25 11:43:03,883 views 27069 login successfully..
INFO 2022-05-25 11:43:03,911 views 27069 product list load successfully
INFO 2022-05-25 11:43:03,911 views 27069 INDEX page load successfully
INFO 2022-05-25 11:43:33,122 views 27069 product list load successfully
INFO 2022-05-25 11:43:33,122 views 27069 INDEX page load successfully
INFO 2022-05-25 11:43:38,244 views 27069 product list load successfully
INFO 2022-05-25 11:43:38,244 views 27069 INDEX page load successfully
INFO 2022-05-25 11:43:42,676 views 27069 product list load successfully
INFO 2022-05-25 11:43:42,676 views 27069 INDEX page load successfully
INFO 2022-05-25 11:50:58,256 views 27069 product list load successfully
INFO 2022-05-25 11:50:58,256 views 27069 INDEX page load successfully
INFO 2022-05-25 11:51:03,336 views 27069 product list load successfully
INFO 2022-05-25 11:51:03,337 views 27069 INDEX page load successfully
INFO 2022-05-25 11:51:07,374 views 27069 product list load successfully
INFO 2022-05-25 11:51:07,374 views 27069 INDEX page load successfully
INFO 2022-05-25 11:51:11,156 views 27069 product list load successfully
INFO 2022-05-25 11:51:11,156 views 27069 INDEX page load successfully
INFO 2022-05-25 11:52:43,328 views 27069 product list load successfully
INFO 2022-05-25 11:52:43,328 views 27069 INDEX page load successfully
INFO 2022-05-25 11:52:47,550 views 27069 product list load successfully
INFO 2022-05-25 11:52:47,550 views 27069 INDEX page load successfully
INFO 2022-05-25 11:52:52,064 views 27069 product list load successfully
INFO 2022-05-25 11:52:52,064 views 27069 INDEX page load successfully
INFO 2022-05-25 11:54:48,661 views 28005 log into userlogin app.
INFO 2022-05-25 11:54:48,661 api 28005 Address list load successfully.
INFO 2022-05-25 11:54:48,662 api 28005 Address created successfully.
INFO 2022-05-25 11:54:48,662 api 28005 Address retrieved successfully.
INFO 2022-05-25 11:54:48,662 api 28005 Address Updated Successfully.
INFO 2022-05-25 11:54:48,662 api 28005 Address Deleted Successfully.
INFO 2022-05-25 11:54:50,607 views 28005 product list load successfully
INFO 2022-05-25 11:54:50,607 views 28005 INDEX page load successfully
INFO 2022-05-25 11:58:34,421 views 28246 log into userlogin app.
INFO 2022-05-25 11:58:34,421 api 28246 Address list load successfully.
INFO 2022-05-25 11:58:34,421 api 28246 Address created successfully.
INFO 2022-05-25 11:58:34,421 api 28246 Address retrieved successfully.
INFO 2022-05-25 11:58:34,421 api 28246 Address Updated Successfully.
INFO 2022-05-25 11:58:34,422 api 28246 Address Deleted Successfully.
INFO 2022-05-25 11:58:46,582 views 28356 log into userlogin app.
INFO 2022-05-25 11:58:46,583 api 28356 Address list load successfully.
INFO 2022-05-25 11:58:46,583 api 28356 Address created successfully.
INFO 2022-05-25 11:58:46,583 api 28356 Address retrieved successfully.
INFO 2022-05-25 11:58:46,583 api 28356 Address Updated Successfully.
INFO 2022-05-25 11:58:46,583 api 28356 Address Deleted Successfully.
INFO 2022-05-25 11:59:20,045 views 28469 log into userlogin app.
INFO 2022-05-25 11:59:20,045 api 28469 Address list load successfully.
INFO 2022-05-25 11:59:20,045 api 28469 Address created successfully.
INFO 2022-05-25 11:59:20,045 api 28469 Address retrieved successfully.
INFO 2022-05-25 11:59:20,046 api 28469 Address Updated Successfully.
INFO 2022-05-25 11:59:20,046 api 28469 Address Deleted Successfully.
INFO 2022-05-25 12:00:04,432 views 28736 log into userlogin app.
INFO 2022-05-25 12:00:04,432 api 28736 Address list load successfully.
INFO 2022-05-25 12:00:04,432 api 28736 Address created successfully.
INFO 2022-05-25 12:00:04,433 api 28736 Address retrieved successfully.
INFO 2022-05-25 12:00:04,433 api 28736 Address Updated Successfully.
INFO 2022-05-25 12:00:04,433 api 28736 Address Deleted Successfully.
INFO 2022-05-25 12:00:05,485 views 28736 product list load successfully
INFO 2022-05-25 12:00:05,486 views 28736 INDEX page load successfully
INFO 2022-05-25 12:00:10,384 views 28736 product list load successfully
INFO 2022-05-25 12:00:10,384 views 28736 INDEX page load successfully
INFO 2022-05-25 12:00:16,046 views 28736 product list load successfully
INFO 2022-05-25 12:00:16,046 views 28736 INDEX page load successfully
INFO 2022-05-25 12:00:22,045 views 28736 product list load successfully
INFO 2022-05-25 12:00:22,045 views 28736 INDEX page load successfully
INFO 2022-05-25 12:01:09,081 views 28736 product list load successfully
INFO 2022-05-25 12:01:09,081 views 28736 INDEX page load successfully
INFO 2022-05-25 12:01:14,524 views 28736 product list load successfully
INFO 2022-05-25 12:01:14,524 views 28736 INDEX page load successfully
INFO 2022-05-25 12:02:08,770 views 28736 product list load successfully
INFO 2022-05-25 12:02:08,771 views 28736 INDEX page load successfully
INFO 2022-05-25 12:02:15,711 views 28736 product list load successfully
INFO 2022-05-25 12:02:15,712 views 28736 INDEX page load successfully
INFO 2022-05-25 12:02:21,095 views 28736 product list load successfully
INFO 2022-05-25 12:02:21,095 views 28736 INDEX page load successfully
INFO 2022-05-25 12:14:05,425 views 28736 product list load successfully
INFO 2022-05-25 12:14:05,425 views 28736 INDEX page load successfully
INFO 2022-05-25 12:14:10,799 views 28736 product list load successfully
INFO 2022-05-25 12:14:10,799 views 28736 INDEX page load successfully
INFO 2022-05-25 12:14:14,924 views 28736 product list load successfully
INFO 2022-05-25 12:14:14,924 views 28736 INDEX page load successfully
INFO 2022-05-26 03:39:33,943 views 4020 log into userlogin app.
INFO 2022-05-26 03:39:33,944 api 4020 Address list load successfully.
INFO 2022-05-26 03:39:33,944 api 4020 Address created successfully.
INFO 2022-05-26 03:39:33,944 api 4020 Address retrieved successfully.
INFO 2022-05-26 03:39:33,944 api 4020 Address Updated Successfully.
INFO 2022-05-26 03:39:33,944 api 4020 Address Deleted Successfully.
INFO 2022-05-26 03:39:39,868 views 4020 product list load successfully
INFO 2022-05-26 03:39:39,868 views 4020 INDEX page load successfully
INFO 2022-05-26 04:45:49,417 views 6713 log into userlogin app.
INFO 2022-05-26 04:45:49,417 api 6713 Address list load successfully.
INFO 2022-05-26 04:45:49,418 api 6713 Address created successfully.
INFO 2022-05-26 04:45:49,418 api 6713 Address retrieved successfully.
INFO 2022-05-26 04:45:49,418 api 6713 Address Updated Successfully.
INFO 2022-05-26 04:45:49,418 api 6713 Address Deleted Successfully.
INFO 2022-05-26 06:28:49,722 views 4020 product list load successfully
INFO 2022-05-26 06:28:49,722 views 4020 INDEX page load successfully
INFO 2022-05-26 06:28:52,138 views 4020 product list load successfully
INFO 2022-05-26 06:28:52,138 views 4020 INDEX page load successfully
INFO 2022-05-26 06:33:24,351 views 4020 product list load successfully
INFO 2022-05-26 06:33:24,351 views 4020 INDEX page load successfully
INFO 2022-05-26 06:33:41,485 views 4020 product list load successfully
INFO 2022-05-26 06:33:41,485 views 4020 INDEX page load successfully
INFO 2022-05-26 10:12:15,579 views 19281 log into userlogin app.
INFO 2022-05-26 10:12:15,580 api 19281 Address list load successfully.
INFO 2022-05-26 10:12:15,580 api 19281 Address created successfully.
INFO 2022-05-26 10:12:15,580 api 19281 Address retrieved successfully.
INFO 2022-05-26 10:12:15,580 api 19281 Address Updated Successfully.
INFO 2022-05-26 10:12:15,580 api 19281 Address Deleted Successfully.
INFO 2022-05-26 10:12:48,858 views 19325 log into userlogin app.
INFO 2022-05-26 10:12:48,858 api 19325 Address list load successfully.
INFO 2022-05-26 10:12:48,859 api 19325 Address created successfully.
INFO 2022-05-26 10:12:48,859 api 19325 Address retrieved successfully.
INFO 2022-05-26 10:12:48,859 api 19325 Address Updated Successfully.
INFO 2022-05-26 10:12:48,859 api 19325 Address Deleted Successfully.
INFO 2022-05-26 11:05:11,884 views 21162 log into userlogin app.
INFO 2022-05-26 11:05:11,885 api 21162 Address list load successfully.
INFO 2022-05-26 11:05:11,885 api 21162 Address created successfully.
INFO 2022-05-26 11:05:11,885 api 21162 Address retrieved successfully.
INFO 2022-05-26 11:05:11,885 api 21162 Address Updated Successfully.
INFO 2022-05-26 11:05:11,885 api 21162 Address Deleted Successfully.
INFO 2022-05-26 11:05:18,911 views 21205 log into userlogin app.
INFO 2022-05-26 11:05:18,911 api 21205 Address list load successfully.
INFO 2022-05-26 11:05:18,911 api 21205 Address created successfully.
INFO 2022-05-26 11:05:18,911 api 21205 Address retrieved successfully.
INFO 2022-05-26 11:05:18,912 api 21205 Address Updated Successfully.
INFO 2022-05-26 11:05:18,912 api 21205 Address Deleted Successfully.
INFO 2022-05-26 11:07:02,953 views 21339 log into userlogin app.
INFO 2022-05-26 11:07:02,954 api 21339 Address list load successfully.
INFO 2022-05-26 11:07:02,954 api 21339 Address created successfully.
INFO 2022-05-26 11:07:02,954 api 21339 Address retrieved successfully.
INFO 2022-05-26 11:07:02,954 api 21339 Address Updated Successfully.
INFO 2022-05-26 11:07:02,954 api 21339 Address Deleted Successfully.
INFO 2022-05-26 11:09:08,544 views 21555 log into userlogin app.
INFO 2022-05-26 11:09:08,545 api 21555 Address list load successfully.
INFO 2022-05-26 11:09:08,545 api 21555 Address created successfully.
INFO 2022-05-26 11:09:08,545 api 21555 Address retrieved successfully.
INFO 2022-05-26 11:09:08,545 api 21555 Address Updated Successfully.
INFO 2022-05-26 11:09:08,545 api 21555 Address Deleted Successfully.
INFO 2022-05-26 11:10:33,387 views 21702 log into userlogin app.
INFO 2022-05-26 11:10:33,387 api 21702 Address list load successfully.
INFO 2022-05-26 11:10:33,387 api 21702 Address created successfully.
INFO 2022-05-26 11:10:33,388 api 21702 Address retrieved successfully.
INFO 2022-05-26 11:10:33,388 api 21702 Address Updated Successfully.
INFO 2022-05-26 11:10:33,388 api 21702 Address Deleted Successfully.
INFO 2022-05-26 11:52:22,173 views 23162 log into userlogin app.
INFO 2022-05-26 11:52:22,173 api 23162 Address list load successfully.
INFO 2022-05-26 11:52:22,174 api 23162 Address created successfully.
INFO 2022-05-26 11:52:22,174 api 23162 Address retrieved successfully.
INFO 2022-05-26 11:52:22,174 api 23162 Address Updated Successfully.
INFO 2022-05-26 11:52:22,175 api 23162 Address Deleted Successfully.
INFO 2022-05-26 11:52:27,109 views 23232 log into userlogin app.
INFO 2022-05-26 11:52:27,109 api 23232 Address list load successfully.
INFO 2022-05-26 11:52:27,110 api 23232 Address created successfully.
INFO 2022-05-26 11:52:27,110 api 23232 Address retrieved successfully.
INFO 2022-05-26 11:52:27,110 api 23232 Address Updated Successfully.
INFO 2022-05-26 11:52:27,110 api 23232 Address Deleted Successfully.
INFO 2022-05-26 11:52:32,276 views 23269 log into userlogin app.
INFO 2022-05-26 11:52:32,277 api 23269 Address list load successfully.
INFO 2022-05-26 11:52:32,277 api 23269 Address created successfully.
INFO 2022-05-26 11:52:32,278 api 23269 Address retrieved successfully.
INFO 2022-05-26 11:52:32,278 api 23269 Address Updated Successfully.
INFO 2022-05-26 11:52:32,278 api 23269 Address Deleted Successfully.
INFO 2022-05-26 11:52:40,379 views 23289 log into userlogin app.
INFO 2022-05-26 11:52:40,379 api 23289 Address list load successfully.
INFO 2022-05-26 11:52:40,380 api 23289 Address created successfully.
INFO 2022-05-26 11:52:40,380 api 23289 Address retrieved successfully.
INFO 2022-05-26 11:52:40,380 api 23289 Address Updated Successfully.
INFO 2022-05-26 11:52:40,380 api 23289 Address Deleted Successfully.
INFO 2022-05-26 11:54:16,302 views 23402 log into userlogin app.
INFO 2022-05-26 11:54:16,303 api 23402 Address list load successfully.
INFO 2022-05-26 11:54:16,303 api 23402 Address created successfully.
INFO 2022-05-26 11:54:16,303 api 23402 Address retrieved successfully.
INFO 2022-05-26 11:54:16,303 api 23402 Address Updated Successfully.
INFO 2022-05-26 11:54:16,303 api 23402 Address Deleted Successfully.
INFO 2022-05-26 11:54:24,428 views 23427 log into userlogin app.
INFO 2022-05-26 11:54:24,428 api 23427 Address list load successfully.
INFO 2022-05-26 11:54:24,428 api 23427 Address created successfully.
INFO 2022-05-26 11:54:24,428 api 23427 Address retrieved successfully.
INFO 2022-05-26 11:54:24,428 api 23427 Address Updated Successfully.
INFO 2022-05-26 11:54:24,428 api 23427 Address Deleted Successfully.
INFO 2022-05-26 11:54:42,787 views 23510 log into userlogin app.
INFO 2022-05-26 11:54:42,788 api 23510 Address list load successfully.
INFO 2022-05-26 11:54:42,788 api 23510 Address created successfully.
INFO 2022-05-26 11:54:42,788 api 23510 Address retrieved successfully.
INFO 2022-05-26 11:54:42,788 api 23510 Address Updated Successfully.
INFO 2022-05-26 11:54:42,788 api 23510 Address Deleted Successfully.
INFO 2022-05-26 11:55:14,435 views 23615 log into userlogin app.
INFO 2022-05-26 11:55:14,436 api 23615 Address list load successfully.
INFO 2022-05-26 11:55:14,436 api 23615 Address created successfully.
INFO 2022-05-26 11:55:14,436 api 23615 Address retrieved successfully.
INFO 2022-05-26 11:55:14,436 api 23615 Address Updated Successfully.
INFO 2022-05-26 11:55:14,436 api 23615 Address Deleted Successfully.
INFO 2022-05-26 11:58:40,718 views 23825 log into userlogin app.
INFO 2022-05-26 11:58:40,718 api 23825 Address list load successfully.
INFO 2022-05-26 11:58:40,718 api 23825 Address created successfully.
INFO 2022-05-26 11:58:40,718 api 23825 Address retrieved successfully.
INFO 2022-05-26 11:58:40,718 api 23825 Address Updated Successfully.
INFO 2022-05-26 11:58:40,719 api 23825 Address Deleted Successfully.
INFO 2022-05-26 11:58:50,701 views 23850 log into userlogin app.
INFO 2022-05-26 11:58:50,702 api 23850 Address list load successfully.
INFO 2022-05-26 11:58:50,702 api 23850 Address created successfully.
INFO 2022-05-26 11:58:50,702 api 23850 Address retrieved successfully.
INFO 2022-05-26 11:58:50,702 api 23850 Address Updated Successfully.
INFO 2022-05-26 11:58:50,703 api 23850 Address Deleted Successfully.
INFO 2022-05-27 04:12:41,232 views 4386 log into userlogin app.
INFO 2022-05-27 04:12:41,232 api 4386 Address list load successfully.
INFO 2022-05-27 04:12:41,232 api 4386 Address created successfully.
INFO 2022-05-27 04:12:41,233 api 4386 Address retrieved successfully.
INFO 2022-05-27 04:12:41,233 api 4386 Address Updated Successfully.
INFO 2022-05-27 04:12:41,233 api 4386 Address Deleted Successfully.
INFO 2022-05-27 04:14:12,184 views 4546 log into userlogin app.
INFO 2022-05-27 04:14:12,185 api 4546 Address list load successfully.
INFO 2022-05-27 04:14:12,185 api 4546 Address created successfully.
INFO 2022-05-27 04:14:12,185 api 4546 Address retrieved successfully.
INFO 2022-05-27 04:14:12,185 api 4546 Address Updated Successfully.
INFO 2022-05-27 04:14:12,185 api 4546 Address Deleted Successfully.
INFO 2022-05-27 04:14:20,384 views 4587 log into userlogin app.
INFO 2022-05-27 04:14:20,385 api 4587 Address list load successfully.
INFO 2022-05-27 04:14:20,385 api 4587 Address created successfully.
INFO 2022-05-27 04:14:20,385 api 4587 Address retrieved successfully.
INFO 2022-05-27 04:14:20,385 api 4587 Address Updated Successfully.
INFO 2022-05-27 04:14:20,385 api 4587 Address Deleted Successfully.
INFO 2022-05-27 04:33:09,650 views 5260 log into userlogin app.
INFO 2022-05-27 04:33:09,651 api 5260 Address list load successfully.
INFO 2022-05-27 04:33:09,651 api 5260 Address created successfully.
INFO 2022-05-27 04:33:09,651 api 5260 Address retrieved successfully.
INFO 2022-05-27 04:33:09,651 api 5260 Address Updated Successfully.
INFO 2022-05-27 04:33:09,652 api 5260 Address Deleted Successfully.
INFO 2022-05-27 04:34:41,710 views 5423 log into userlogin app.
INFO 2022-05-27 04:34:41,711 api 5423 Address list load successfully.
INFO 2022-05-27 04:34:41,711 api 5423 Address created successfully.
INFO 2022-05-27 04:34:41,711 api 5423 Address retrieved successfully.
INFO 2022-05-27 04:34:41,711 api 5423 Address Updated Successfully.
INFO 2022-05-27 04:34:41,711 api 5423 Address Deleted Successfully.
INFO 2022-05-27 04:53:28,967 views 6049 log into userlogin app.
INFO 2022-05-27 04:53:28,968 api 6049 Address list load successfully.
INFO 2022-05-27 04:53:28,968 api 6049 Address created successfully.
INFO 2022-05-27 04:53:28,968 api 6049 Address retrieved successfully.
INFO 2022-05-27 04:53:28,968 api 6049 Address Updated Successfully.
INFO 2022-05-27 04:53:28,968 api 6049 Address Deleted Successfully.
INFO 2022-05-27 04:53:54,514 views 6082 log into userlogin app.
INFO 2022-05-27 04:53:54,514 api 6082 Address list load successfully.
INFO 2022-05-27 04:53:54,515 api 6082 Address created successfully.
INFO 2022-05-27 04:53:54,515 api 6082 Address retrieved successfully.
INFO 2022-05-27 04:53:54,515 api 6082 Address Updated Successfully.
INFO 2022-05-27 04:53:54,515 api 6082 Address Deleted Successfully.
INFO 2022-05-27 04:54:07,672 views 6116 log into userlogin app.
INFO 2022-05-27 04:54:07,672 api 6116 Address list load successfully.
INFO 2022-05-27 04:54:07,672 api 6116 Address created successfully.
INFO 2022-05-27 04:54:07,672 api 6116 Address retrieved successfully.
INFO 2022-05-27 04:54:07,673 api 6116 Address Updated Successfully.
INFO 2022-05-27 04:54:07,673 api 6116 Address Deleted Successfully.
INFO 2022-05-27 04:54:09,845 views 6121 log into userlogin app.
INFO 2022-05-27 04:54:09,846 api 6121 Address list load successfully.
INFO 2022-05-27 04:54:09,846 api 6121 Address created successfully.
INFO 2022-05-27 04:54:09,846 api 6121 Address retrieved successfully.
INFO 2022-05-27 04:54:09,846 api 6121 Address Updated Successfully.
INFO 2022-05-27 04:54:09,846 api 6121 Address Deleted Successfully.
INFO 2022-05-27 04:55:04,170 views 6270 log into userlogin app.
INFO 2022-05-27 04:55:04,171 api 6270 Address list load successfully.
INFO 2022-05-27 04:55:04,171 api 6270 Address created successfully.
INFO 2022-05-27 04:55:04,171 api 6270 Address retrieved successfully.
INFO 2022-05-27 04:55:04,171 api 6270 Address Updated Successfully.
INFO 2022-05-27 04:55:04,171 api 6270 Address Deleted Successfully.
INFO 2022-05-27 04:55:45,055 views 6401 log into userlogin app.
INFO 2022-05-27 04:55:45,055 api 6401 Address list load successfully.
INFO 2022-05-27 04:55:45,055 api 6401 Address created successfully.
INFO 2022-05-27 04:55:45,056 api 6401 Address retrieved successfully.
INFO 2022-05-27 04:55:45,056 api 6401 Address Updated Successfully.
INFO 2022-05-27 04:55:45,056 api 6401 Address Deleted Successfully.
INFO 2022-05-27 04:58:53,950 views 6587 log into userlogin app.
INFO 2022-05-27 04:58:53,950 api 6587 Address list load successfully.
INFO 2022-05-27 04:58:53,950 api 6587 Address created successfully.
INFO 2022-05-27 04:58:53,951 api 6587 Address retrieved successfully.
INFO 2022-05-27 04:58:53,951 api 6587 Address Updated Successfully.
INFO 2022-05-27 04:58:53,951 api 6587 Address Deleted Successfully.
INFO 2022-05-27 04:59:32,672 views 6718 log into userlogin app.
INFO 2022-05-27 04:59:32,672 api 6718 Address list load successfully.
INFO 2022-05-27 04:59:32,672 api 6718 Address created successfully.
INFO 2022-05-27 04:59:32,672 api 6718 Address retrieved successfully.
INFO 2022-05-27 04:59:32,672 api 6718 Address Updated Successfully.
INFO 2022-05-27 04:59:32,673 api 6718 Address Deleted Successfully.
INFO 2022-05-27 05:00:36,084 views 6846 log into userlogin app.
INFO 2022-05-27 05:00:36,084 api 6846 Address list load successfully.
INFO 2022-05-27 05:00:36,084 api 6846 Address created successfully.
INFO 2022-05-27 05:00:36,085 api 6846 Address retrieved successfully.
INFO 2022-05-27 05:00:36,085 api 6846 Address Updated Successfully.
INFO 2022-05-27 05:00:36,085 api 6846 Address Deleted Successfully.
INFO 2022-05-27 05:01:09,465 views 6937 log into userlogin app.
INFO 2022-05-27 05:01:09,466 api 6937 Address list load successfully.
INFO 2022-05-27 05:01:09,466 api 6937 Address created successfully.
INFO 2022-05-27 05:01:09,466 api 6937 Address retrieved successfully.
INFO 2022-05-27 05:01:09,466 api 6937 Address Updated Successfully.
INFO 2022-05-27 05:01:09,466 api 6937 Address Deleted Successfully.
INFO 2022-05-27 05:04:21,595 views 7087 log into userlogin app.
INFO 2022-05-27 05:04:21,595 api 7087 Address list load successfully.
INFO 2022-05-27 05:04:21,595 api 7087 Address created successfully.
INFO 2022-05-27 05:04:21,596 api 7087 Address retrieved successfully.
INFO 2022-05-27 05:04:21,596 api 7087 Address Updated Successfully.
INFO 2022-05-27 05:04:21,596 api 7087 Address Deleted Successfully.
INFO 2022-05-27 05:05:12,445 views 7233 log into userlogin app.
INFO 2022-05-27 05:05:12,446 api 7233 Address list load successfully.
INFO 2022-05-27 05:05:12,446 api 7233 Address created successfully.
INFO 2022-05-27 05:05:12,446 api 7233 Address retrieved successfully.
INFO 2022-05-27 05:05:12,446 api 7233 Address Updated Successfully.
INFO 2022-05-27 05:05:12,446 api 7233 Address Deleted Successfully.
INFO 2022-05-27 05:07:20,981 views 7379 log into userlogin app.
INFO 2022-05-27 05:07:20,981 api 7379 Address list load successfully.
INFO 2022-05-27 05:07:20,981 api 7379 Address created successfully.
INFO 2022-05-27 05:07:20,982 api 7379 Address retrieved successfully.
INFO 2022-05-27 05:07:20,982 api 7379 Address Updated Successfully.
INFO 2022-05-27 05:07:20,982 api 7379 Address Deleted Successfully.
INFO 2022-05-27 05:07:45,574 views 7414 log into userlogin app.
INFO 2022-05-27 05:07:45,575 api 7414 Address list load successfully.
INFO 2022-05-27 05:07:45,575 api 7414 Address created successfully.
INFO 2022-05-27 05:07:45,575 api 7414 Address retrieved successfully.
INFO 2022-05-27 05:07:45,575 api 7414 Address Updated Successfully.
INFO 2022-05-27 05:07:45,576 api 7414 Address Deleted Successfully.
INFO 2022-05-27 05:08:17,255 views 7501 log into userlogin app.
INFO 2022-05-27 05:08:17,255 api 7501 Address list load successfully.
INFO 2022-05-27 05:08:17,255 api 7501 Address created successfully.
INFO 2022-05-27 05:08:17,255 api 7501 Address retrieved successfully.
INFO 2022-05-27 05:08:17,255 api 7501 Address Updated Successfully.
INFO 2022-05-27 05:08:17,256 api 7501 Address Deleted Successfully.
INFO 2022-05-27 05:12:31,752 views 7742 log into userlogin app.
INFO 2022-05-27 05:12:31,753 api 7742 Address list load successfully.
INFO 2022-05-27 05:12:31,753 api 7742 Address created successfully.
INFO 2022-05-27 05:12:31,753 api 7742 Address retrieved successfully.
INFO 2022-05-27 05:12:31,753 api 7742 Address Updated Successfully.
INFO 2022-05-27 05:12:31,753 api 7742 Address Deleted Successfully.
INFO 2022-05-27 05:33:06,409 views 7742 product list load successfully
INFO 2022-05-27 05:33:06,409 views 7742 INDEX page load successfully
INFO 2022-05-27 05:39:22,596 views 10088 log into userlogin app.
INFO 2022-05-27 05:39:22,596 api 10088 Address list load successfully.
INFO 2022-05-27 05:39:22,596 api 10088 Address created successfully.
INFO 2022-05-27 05:39:22,596 api 10088 Address retrieved successfully.
INFO 2022-05-27 05:39:22,597 api 10088 Address Updated Successfully.
INFO 2022-05-27 05:39:22,597 api 10088 Address Deleted Successfully.
INFO 2022-05-27 05:58:25,770 views 11293 log into userlogin app.
INFO 2022-05-27 05:58:25,771 api 11293 Address list load successfully.
INFO 2022-05-27 05:58:25,771 api 11293 Address created successfully.
INFO 2022-05-27 05:58:25,771 api 11293 Address retrieved successfully.
INFO 2022-05-27 05:58:25,771 api 11293 Address Updated Successfully.
INFO 2022-05-27 05:58:25,771 api 11293 Address Deleted Successfully.
INFO 2022-05-27 05:59:30,258 views 11528 log into userlogin app.
INFO 2022-05-27 05:59:30,259 api 11528 Address list load successfully.
INFO 2022-05-27 05:59:30,259 api 11528 Address created successfully.
INFO 2022-05-27 05:59:30,259 api 11528 Address retrieved successfully.
INFO 2022-05-27 05:59:30,259 api 11528 Address Updated Successfully.
INFO 2022-05-27 05:59:30,259 api 11528 Address Deleted Successfully.
INFO 2022-05-27 05:59:52,889 views 11618 log into userlogin app.
INFO 2022-05-27 05:59:52,889 api 11618 Address list load successfully.
INFO 2022-05-27 05:59:52,890 api 11618 Address created successfully.
INFO 2022-05-27 05:59:52,890 api 11618 Address retrieved successfully.
INFO 2022-05-27 05:59:52,890 api 11618 Address Updated Successfully.
INFO 2022-05-27 05:59:52,890 api 11618 Address Deleted Successfully.
INFO 2022-05-27 06:00:17,466 views 11712 log into userlogin app.
INFO 2022-05-27 06:00:17,467 api 11712 Address list load successfully.
INFO 2022-05-27 06:00:17,467 api 11712 Address created successfully.
INFO 2022-05-27 06:00:17,467 api 11712 Address retrieved successfully.
INFO 2022-05-27 06:00:17,468 api 11712 Address Updated Successfully.
INFO 2022-05-27 06:00:17,468 api 11712 Address Deleted Successfully.
INFO 2022-05-27 06:01:41,260 views 12116 log into userlogin app.
INFO 2022-05-27 06:01:41,261 api 12116 Address list load successfully.
INFO 2022-05-27 06:01:41,261 api 12116 Address created successfully.
INFO 2022-05-27 06:01:41,261 api 12116 Address retrieved successfully.
INFO 2022-05-27 06:01:41,261 api 12116 Address Updated Successfully.
INFO 2022-05-27 06:01:41,261 api 12116 Address Deleted Successfully.
INFO 2022-05-27 06:28:54,723 views 13897 log into userlogin app.
INFO 2022-05-27 06:28:54,724 api 13897 Address list load successfully.
INFO 2022-05-27 06:28:54,725 api 13897 Address created successfully.
INFO 2022-05-27 06:28:54,725 api 13897 Address retrieved successfully.
INFO 2022-05-27 06:28:54,725 api 13897 Address Updated Successfully.
INFO 2022-05-27 06:28:54,725 api 13897 Address Deleted Successfully.
INFO 2022-05-27 06:31:31,847 views 14019 log into userlogin app.
INFO 2022-05-27 06:31:31,848 api 14019 Address list load successfully.
INFO 2022-05-27 06:31:31,848 api 14019 Address created successfully.
INFO 2022-05-27 06:31:31,848 api 14019 Address retrieved successfully.
INFO 2022-05-27 06:31:31,848 api 14019 Address Updated Successfully.
INFO 2022-05-27 06:31:31,848 api 14019 Address Deleted Successfully.
INFO 2022-05-27 06:36:53,365 views 14304 log into userlogin app.
INFO 2022-05-27 06:36:53,365 api 14304 Address list load successfully.
INFO 2022-05-27 06:36:53,365 api 14304 Address created successfully.
INFO 2022-05-27 06:36:53,365 api 14304 Address retrieved successfully.
INFO 2022-05-27 06:36:53,366 api 14304 Address Updated Successfully.
INFO 2022-05-27 06:36:53,366 api 14304 Address Deleted Successfully.
INFO 2022-05-27 06:41:07,980 views 14600 log into userlogin app.
INFO 2022-05-27 06:41:07,980 api 14600 Address list load successfully.
INFO 2022-05-27 06:41:07,981 api 14600 Address created successfully.
INFO 2022-05-27 06:41:07,981 api 14600 Address retrieved successfully.
INFO 2022-05-27 06:41:07,981 api 14600 Address Updated Successfully.
INFO 2022-05-27 06:41:07,981 api 14600 Address Deleted Successfully.
INFO 2022-05-27 06:42:20,580 views 14703 log into userlogin app.
INFO 2022-05-27 06:42:20,580 api 14703 Address list load successfully.
INFO 2022-05-27 06:42:20,581 api 14703 Address created successfully.
INFO 2022-05-27 06:42:20,581 api 14703 Address retrieved successfully.
INFO 2022-05-27 06:42:20,581 api 14703 Address Updated Successfully.
INFO 2022-05-27 06:42:20,581 api 14703 Address Deleted Successfully.
INFO 2022-05-27 06:44:03,836 views 14820 log into userlogin app.
INFO 2022-05-27 06:44:03,836 api 14820 Address list load successfully.
INFO 2022-05-27 06:44:03,837 api 14820 Address created successfully.
INFO 2022-05-27 06:44:03,837 api 14820 Address retrieved successfully.
INFO 2022-05-27 06:44:03,837 api 14820 Address Updated Successfully.
INFO 2022-05-27 06:44:03,837 api 14820 Address Deleted Successfully.
INFO 2022-05-27 06:46:37,091 views 15327 log into userlogin app.
INFO 2022-05-27 06:46:37,091 api 15327 Address list load successfully.
INFO 2022-05-27 06:46:37,091 api 15327 Address created successfully.
INFO 2022-05-27 06:46:37,091 api 15327 Address retrieved successfully.
INFO 2022-05-27 06:46:37,091 api 15327 Address Updated Successfully.
INFO 2022-05-27 06:46:37,092 api 15327 Address Deleted Successfully.
INFO 2022-05-27 06:49:59,339 views 15583 log into userlogin app.
INFO 2022-05-27 06:49:59,340 api 15583 Address list load successfully.
INFO 2022-05-27 06:49:59,340 api 15583 Address created successfully.
INFO 2022-05-27 06:49:59,340 api 15583 Address retrieved successfully.
INFO 2022-05-27 06:49:59,340 api 15583 Address Updated Successfully.
INFO 2022-05-27 06:49:59,341 api 15583 Address Deleted Successfully.
INFO 2022-05-27 06:50:12,461 views 15637 log into userlogin app.
INFO 2022-05-27 06:50:12,462 api 15637 Address list load successfully.
INFO 2022-05-27 06:50:12,462 api 15637 Address created successfully.
INFO 2022-05-27 06:50:12,462 api 15637 Address retrieved successfully.
INFO 2022-05-27 06:50:12,463 api 15637 Address Updated Successfully.
INFO 2022-05-27 06:50:12,463 api 15637 Address Deleted Successfully.
INFO 2022-05-27 06:55:49,543 views 15887 log into userlogin app.
INFO 2022-05-27 06:55:49,544 api 15887 Address list load successfully.
INFO 2022-05-27 06:55:49,544 api 15887 Address created successfully.
INFO 2022-05-27 06:55:49,544 api 15887 Address retrieved successfully.
INFO 2022-05-27 06:55:49,544 api 15887 Address Updated Successfully.
INFO 2022-05-27 06:55:49,544 api 15887 Address Deleted Successfully.
INFO 2022-05-27 06:55:57,837 views 15932 log into userlogin app.
INFO 2022-05-27 06:55:57,838 api 15932 Address list load successfully.
INFO 2022-05-27 06:55:57,838 api 15932 Address created successfully.
INFO 2022-05-27 06:55:57,838 api 15932 Address retrieved successfully.
INFO 2022-05-27 06:55:57,838 api 15932 Address Updated Successfully.
INFO 2022-05-27 06:55:57,839 api 15932 Address Deleted Successfully.
INFO 2022-05-27 07:03:44,541 views 16527 log into userlogin app.
INFO 2022-05-27 07:03:44,542 api 16527 Address list load successfully.
INFO 2022-05-27 07:03:44,542 api 16527 Address created successfully.
INFO 2022-05-27 07:03:44,542 api 16527 Address retrieved successfully.
INFO 2022-05-27 07:03:44,543 api 16527 Address Updated Successfully.
INFO 2022-05-27 07:03:44,543 api 16527 Address Deleted Successfully.
INFO 2022-05-27 07:06:42,281 views 16835 log into userlogin app.
INFO 2022-05-27 07:06:42,282 api 16835 Address list load successfully.
INFO 2022-05-27 07:06:42,282 api 16835 Address created successfully.
INFO 2022-05-27 07:06:42,282 api 16835 Address retrieved successfully.
INFO 2022-05-27 07:06:42,282 api 16835 Address Updated Successfully.
INFO 2022-05-27 07:06:42,282 api 16835 Address Deleted Successfully.
INFO 2022-05-27 07:07:01,750 views 16919 log into userlogin app.
INFO 2022-05-27 07:07:01,751 api 16919 Address list load successfully.
INFO 2022-05-27 07:07:01,751 api 16919 Address created successfully.
INFO 2022-05-27 07:07:01,751 api 16919 Address retrieved successfully.
INFO 2022-05-27 07:07:01,751 api 16919 Address Updated Successfully.
INFO 2022-05-27 07:07:01,751 api 16919 Address Deleted Successfully.
INFO 2022-05-27 07:08:37,922 views 17033 log into userlogin app.
INFO 2022-05-27 07:08:37,923 api 17033 Address list load successfully.
INFO 2022-05-27 07:08:37,923 api 17033 Address created successfully.
INFO 2022-05-27 07:08:37,923 api 17033 Address retrieved successfully.
INFO 2022-05-27 07:08:37,923 api 17033 Address Updated Successfully.
INFO 2022-05-27 07:08:37,923 api 17033 Address Deleted Successfully.
INFO 2022-05-27 07:20:24,801 views 17575 log into userlogin app.
INFO 2022-05-27 07:20:24,801 api 17575 Address list load successfully.
INFO 2022-05-27 07:20:24,802 api 17575 Address created successfully.
INFO 2022-05-27 07:20:24,802 api 17575 Address retrieved successfully.
INFO 2022-05-27 07:20:24,802 api 17575 Address Updated Successfully.
INFO 2022-05-27 07:20:24,802 api 17575 Address Deleted Successfully.
INFO 2022-05-27 07:20:47,123 views 17602 log into userlogin app.
INFO 2022-05-27 07:20:47,124 api 17602 Address list load successfully.
INFO 2022-05-27 07:20:47,124 api 17602 Address created successfully.
INFO 2022-05-27 07:20:47,125 api 17602 Address retrieved successfully.
INFO 2022-05-27 07:20:47,125 api 17602 Address Updated Successfully.
INFO 2022-05-27 07:20:47,125 api 17602 Address Deleted Successfully.
INFO 2022-05-27 07:20:49,286 views 17624 log into userlogin app.
INFO 2022-05-27 07:20:49,286 api 17624 Address list load successfully.
INFO 2022-05-27 07:20:49,287 api 17624 Address created successfully.
INFO 2022-05-27 07:20:49,287 api 17624 Address retrieved successfully.
INFO 2022-05-27 07:20:49,287 api 17624 Address Updated Successfully.
INFO 2022-05-27 07:20:49,287 api 17624 Address Deleted Successfully.
INFO 2022-05-27 07:22:58,923 views 17814 log into userlogin app.
INFO 2022-05-27 07:22:58,924 api 17814 Address list load successfully.
INFO 2022-05-27 07:22:58,924 api 17814 Address created successfully.
INFO 2022-05-27 07:22:58,924 api 17814 Address retrieved successfully.
INFO 2022-05-27 07:22:58,924 api 17814 Address Updated Successfully.
INFO 2022-05-27 07:22:58,924 api 17814 Address Deleted Successfully.
INFO 2022-05-27 07:23:56,142 views 17911 log into userlogin app.
INFO 2022-05-27 07:23:56,143 api 17911 Address list load successfully.
INFO 2022-05-27 07:23:56,143 api 17911 Address created successfully.
INFO 2022-05-27 07:23:56,143 api 17911 Address retrieved successfully.
INFO 2022-05-27 07:23:56,144 api 17911 Address Updated Successfully.
INFO 2022-05-27 07:23:56,144 api 17911 Address Deleted Successfully.
INFO 2022-05-27 07:24:03,095 views 17935 log into userlogin app.
INFO 2022-05-27 07:24:03,095 api 17935 Address list load successfully.
INFO 2022-05-27 07:24:03,096 api 17935 Address created successfully.
INFO 2022-05-27 07:24:03,096 api 17935 Address retrieved successfully.
INFO 2022-05-27 07:24:03,096 api 17935 Address Updated Successfully.
INFO 2022-05-27 07:24:03,096 api 17935 Address Deleted Successfully.
INFO 2022-05-27 09:07:12,232 views 21974 log into userlogin app.
INFO 2022-05-27 09:07:12,232 api 21974 Address list load successfully.
INFO 2022-05-27 09:07:12,233 api 21974 Address created successfully.
INFO 2022-05-27 09:07:12,233 api 21974 Address retrieved successfully.
INFO 2022-05-27 09:07:12,233 api 21974 Address Updated Successfully.
INFO 2022-05-27 09:07:12,233 api 21974 Address Deleted Successfully.
INFO 2022-05-27 10:08:32,897 views 24519 log into userlogin app.
INFO 2022-05-27 10:08:32,898 api 24519 Address list load successfully.
INFO 2022-05-27 10:08:32,898 api 24519 Address created successfully.
INFO 2022-05-27 10:08:32,898 api 24519 Address retrieved successfully.
INFO 2022-05-27 10:08:32,898 api 24519 Address Updated Successfully.
INFO 2022-05-27 10:08:32,898 api 24519 Address Deleted Successfully.
INFO 2022-05-27 10:22:31,911 views 25026 log into userlogin app.
INFO 2022-05-27 10:22:31,913 api 25026 Address list load successfully.
INFO 2022-05-27 10:22:31,913 api 25026 Address created successfully.
INFO 2022-05-27 10:22:31,913 api 25026 Address retrieved successfully.
INFO 2022-05-27 10:22:31,913 api 25026 Address Updated Successfully.
INFO 2022-05-27 10:22:31,913 api 25026 Address Deleted Successfully.
INFO 2022-05-27 10:25:30,950 views 25190 log into userlogin app.
INFO 2022-05-27 10:25:30,951 api 25190 Address list load successfully.
INFO 2022-05-27 10:25:30,951 api 25190 Address created successfully.
INFO 2022-05-27 10:25:30,951 api 25190 Address retrieved successfully.
INFO 2022-05-27 10:25:30,951 api 25190 Address Updated Successfully.
INFO 2022-05-27 10:25:30,951 api 25190 Address Deleted Successfully.
INFO 2022-05-27 10:26:57,609 views 25331 log into userlogin app.
INFO 2022-05-27 10:26:57,610 api 25331 Address list load successfully.
INFO 2022-05-27 10:26:57,610 api 25331 Address created successfully.
INFO 2022-05-27 10:26:57,610 api 25331 Address retrieved successfully.
INFO 2022-05-27 10:26:57,610 api 25331 Address Updated Successfully.
INFO 2022-05-27 10:26:57,610 api 25331 Address Deleted Successfully.
INFO 2022-05-27 10:27:57,926 views 25472 log into userlogin app.
INFO 2022-05-27 10:27:57,926 api 25472 Address list load successfully.
INFO 2022-05-27 10:27:57,926 api 25472 Address created successfully.
INFO 2022-05-27 10:27:57,926 api 25472 Address retrieved successfully.
INFO 2022-05-27 10:27:57,926 api 25472 Address Updated Successfully.
INFO 2022-05-27 10:27:57,927 api 25472 Address Deleted Successfully.
INFO 2022-05-27 10:28:12,243 views 25541 log into userlogin app.
INFO 2022-05-27 10:28:12,244 api 25541 Address list load successfully.
INFO 2022-05-27 10:28:12,244 api 25541 Address created successfully.
INFO 2022-05-27 10:28:12,244 api 25541 Address retrieved successfully.
INFO 2022-05-27 10:28:12,244 api 25541 Address Updated Successfully.
INFO 2022-05-27 10:28:12,244 api 25541 Address Deleted Successfully.
INFO 2022-05-27 10:28:17,454 views 25602 log into userlogin app.
INFO 2022-05-27 10:28:17,455 api 25602 Address list load successfully.
INFO 2022-05-27 10:28:17,455 api 25602 Address created successfully.
INFO 2022-05-27 10:28:17,455 api 25602 Address retrieved successfully.
INFO 2022-05-27 10:28:17,456 api 25602 Address Updated Successfully.
INFO 2022-05-27 10:28:17,456 api 25602 Address Deleted Successfully.
INFO 2022-05-27 10:30:44,154 views 25747 log into userlogin app.
INFO 2022-05-27 10:30:44,154 api 25747 Address list load successfully.
INFO 2022-05-27 10:30:44,154 api 25747 Address created successfully.
INFO 2022-05-27 10:30:44,154 api 25747 Address retrieved successfully.
INFO 2022-05-27 10:30:44,154 api 25747 Address Updated Successfully.
INFO 2022-05-27 10:30:44,154 api 25747 Address Deleted Successfully.
INFO 2022-05-27 10:31:30,654 views 25812 log into userlogin app.
INFO 2022-05-27 10:31:30,655 api 25812 Address list load successfully.
INFO 2022-05-27 10:31:30,655 api 25812 Address created successfully.
INFO 2022-05-27 10:31:30,655 api 25812 Address retrieved successfully.
INFO 2022-05-27 10:31:30,655 api 25812 Address Updated Successfully.
INFO 2022-05-27 10:31:30,655 api 25812 Address Deleted Successfully.
INFO 2022-05-27 10:33:30,672 views 25909 log into userlogin app.
INFO 2022-05-27 10:33:30,672 api 25909 Address list load successfully.
INFO 2022-05-27 10:33:30,672 api 25909 Address created successfully.
INFO 2022-05-27 10:33:30,673 api 25909 Address retrieved successfully.
INFO 2022-05-27 10:33:30,673 api 25909 Address Updated Successfully.
INFO 2022-05-27 10:33:30,673 api 25909 Address Deleted Successfully.
INFO 2022-05-27 10:34:43,957 views 26052 log into userlogin app.
INFO 2022-05-27 10:34:43,957 api 26052 Address list load successfully.
INFO 2022-05-27 10:34:43,958 api 26052 Address created successfully.
INFO 2022-05-27 10:34:43,958 api 26052 Address retrieved successfully.
INFO 2022-05-27 10:34:43,958 api 26052 Address Updated Successfully.
INFO 2022-05-27 10:34:43,958 api 26052 Address Deleted Successfully.
INFO 2022-05-27 10:34:49,875 views 26075 log into userlogin app.
INFO 2022-05-27 10:34:49,875 api 26075 Address list load successfully.
INFO 2022-05-27 10:34:49,876 api 26075 Address created successfully.
INFO 2022-05-27 10:34:49,876 api 26075 Address retrieved successfully.
INFO 2022-05-27 10:34:49,876 api 26075 Address Updated Successfully.
INFO 2022-05-27 10:34:49,876 api 26075 Address Deleted Successfully.
INFO 2022-05-27 10:48:33,183 views 26560 log into userlogin app.
INFO 2022-05-27 10:48:33,184 api 26560 Address list load successfully.
INFO 2022-05-27 10:48:33,184 api 26560 Address created successfully.
INFO 2022-05-27 10:48:33,184 api 26560 Address retrieved successfully.
INFO 2022-05-27 10:48:33,184 api 26560 Address Updated Successfully.
INFO 2022-05-27 10:48:33,184 api 26560 Address Deleted Successfully.
INFO 2022-05-27 11:08:20,530 views 28014 log into userlogin app.
INFO 2022-05-27 11:08:20,531 api 28014 Address list load successfully.
INFO 2022-05-27 11:08:20,531 api 28014 Address created successfully.
INFO 2022-05-27 11:08:20,531 api 28014 Address retrieved successfully.
INFO 2022-05-27 11:08:20,531 api 28014 Address Updated Successfully.
INFO 2022-05-27 11:08:20,531 api 28014 Address Deleted Successfully.
INFO 2022-05-27 11:10:15,741 views 28111 log into userlogin app.
INFO 2022-05-27 11:10:15,742 api 28111 Address list load successfully.
INFO 2022-05-27 11:10:15,742 api 28111 Address created successfully.
INFO 2022-05-27 11:10:15,742 api 28111 Address retrieved successfully.
INFO 2022-05-27 11:10:15,742 api 28111 Address Updated Successfully.
INFO 2022-05-27 11:10:15,742 api 28111 Address Deleted Successfully.
INFO 2022-05-27 11:10:48,352 views 28173 log into userlogin app.
INFO 2022-05-27 11:10:48,352 api 28173 Address list load successfully.
INFO 2022-05-27 11:10:48,352 api 28173 Address created successfully.
INFO 2022-05-27 11:10:48,353 api 28173 Address retrieved successfully.
INFO 2022-05-27 11:10:48,353 api 28173 Address Updated Successfully.
INFO 2022-05-27 11:10:48,353 api 28173 Address Deleted Successfully.
INFO 2022-05-27 11:10:59,459 views 28236 log into userlogin app.
INFO 2022-05-27 11:10:59,460 api 28236 Address list load successfully.
INFO 2022-05-27 11:10:59,460 api 28236 Address created successfully.
INFO 2022-05-27 11:10:59,460 api 28236 Address retrieved successfully.
INFO 2022-05-27 11:10:59,460 api 28236 Address Updated Successfully.
INFO 2022-05-27 11:10:59,460 api 28236 Address Deleted Successfully.
INFO 2022-05-27 11:11:16,830 views 28319 log into userlogin app.
INFO 2022-05-27 11:11:16,830 api 28319 Address list load successfully.
INFO 2022-05-27 11:11:16,830 api 28319 Address created successfully.
INFO 2022-05-27 11:11:16,830 api 28319 Address retrieved successfully.
INFO 2022-05-27 11:11:16,830 api 28319 Address Updated Successfully.
INFO 2022-05-27 11:11:16,831 api 28319 Address Deleted Successfully.
INFO 2022-05-27 11:11:54,505 views 28401 log into userlogin app.
INFO 2022-05-27 11:11:54,506 api 28401 Address list load successfully.
INFO 2022-05-27 11:11:54,506 api 28401 Address created successfully.
INFO 2022-05-27 11:11:54,506 api 28401 Address retrieved successfully.
INFO 2022-05-27 11:11:54,506 api 28401 Address Updated Successfully.
INFO 2022-05-27 11:11:54,507 api 28401 Address Deleted Successfully.
INFO 2022-05-27 11:12:25,799 views 28453 log into userlogin app.
INFO 2022-05-27 11:12:25,799 api 28453 Address list load successfully.
INFO 2022-05-27 11:12:25,800 api 28453 Address created successfully.
INFO 2022-05-27 11:12:25,800 api 28453 Address retrieved successfully.
INFO 2022-05-27 11:12:25,800 api 28453 Address Updated Successfully.
INFO 2022-05-27 11:12:25,800 api 28453 Address Deleted Successfully.
INFO 2022-05-27 11:12:56,320 views 28489 log into userlogin app.
INFO 2022-05-27 11:12:56,321 api 28489 Address list load successfully.
INFO 2022-05-27 11:12:56,321 api 28489 Address created successfully.
INFO 2022-05-27 11:12:56,321 api 28489 Address retrieved successfully.
INFO 2022-05-27 11:12:56,321 api 28489 Address Updated Successfully.
INFO 2022-05-27 11:12:56,321 api 28489 Address Deleted Successfully.
INFO 2022-05-27 11:18:17,609 views 28767 log into userlogin app.
INFO 2022-05-27 11:18:17,610 api 28767 Address list load successfully.
INFO 2022-05-27 11:18:17,610 api 28767 Address created successfully.
INFO 2022-05-27 11:18:17,610 api 28767 Address retrieved successfully.
INFO 2022-05-27 11:18:17,611 api 28767 Address Updated Successfully.
INFO 2022-05-27 11:18:17,611 api 28767 Address Deleted Successfully.
INFO 2022-05-27 11:18:50,241 views 28885 log into userlogin app.
INFO 2022-05-27 11:18:50,242 api 28885 Address list load successfully.
INFO 2022-05-27 11:18:50,242 api 28885 Address created successfully.
INFO 2022-05-27 11:18:50,242 api 28885 Address retrieved successfully.
INFO 2022-05-27 11:18:50,242 api 28885 Address Updated Successfully.
INFO 2022-05-27 11:18:50,242 api 28885 Address Deleted Successfully.
INFO 2022-05-27 11:34:17,133 views 29866 log into userlogin app.
INFO 2022-05-27 11:34:17,134 api 29866 Address list load successfully.
INFO 2022-05-27 11:34:17,134 api 29866 Address created successfully.
INFO 2022-05-27 11:34:17,135 api 29866 Address retrieved successfully.
INFO 2022-05-27 11:34:17,135 api 29866 Address Updated Successfully.
INFO 2022-05-27 11:34:17,135 api 29866 Address Deleted Successfully.
INFO 2022-05-27 11:34:33,328 views 29926 log into userlogin app.
INFO 2022-05-27 11:34:33,328 api 29926 Address list load successfully.
INFO 2022-05-27 11:34:33,328 api 29926 Address created successfully.
INFO 2022-05-27 11:34:33,328 api 29926 Address retrieved successfully.
INFO 2022-05-27 11:34:33,328 api 29926 Address Updated Successfully.
INFO 2022-05-27 11:34:33,328 api 29926 Address Deleted Successfully.
INFO 2022-05-27 11:36:23,435 views 30128 log into userlogin app.
INFO 2022-05-27 11:36:23,436 api 30128 Address list load successfully.
INFO 2022-05-27 11:36:23,436 api 30128 Address created successfully.
INFO 2022-05-27 11:36:23,436 api 30128 Address retrieved successfully.
INFO 2022-05-27 11:36:23,436 api 30128 Address Updated Successfully.
INFO 2022-05-27 11:36:23,437 api 30128 Address Deleted Successfully.
INFO 2022-05-27 11:44:27,455 views 30731 log into userlogin app.
INFO 2022-05-27 11:44:27,456 api 30731 Address list load successfully.
INFO 2022-05-27 11:44:27,456 api 30731 Address created successfully.
INFO 2022-05-27 11:44:27,456 api 30731 Address retrieved successfully.
INFO 2022-05-27 11:44:27,456 api 30731 Address Updated Successfully.
INFO 2022-05-27 11:44:27,456 api 30731 Address Deleted Successfully.
INFO 2022-05-27 11:44:49,024 views 30787 log into userlogin app.
INFO 2022-05-27 11:44:49,025 api 30787 Address list load successfully.
INFO 2022-05-27 11:44:49,025 api 30787 Address created successfully.
INFO 2022-05-27 11:44:49,025 api 30787 Address retrieved successfully.
INFO 2022-05-27 11:44:49,025 api 30787 Address Updated Successfully.
INFO 2022-05-27 11:44:49,025 api 30787 Address Deleted Successfully.
INFO 2022-05-27 11:46:35,343 views 30933 log into userlogin app.
INFO 2022-05-27 11:46:35,343 api 30933 Address list load successfully.
INFO 2022-05-27 11:46:35,343 api 30933 Address created successfully.
INFO 2022-05-27 11:46:35,343 api 30933 Address retrieved successfully.
INFO 2022-05-27 11:46:35,344 api 30933 Address Updated Successfully.
INFO 2022-05-27 11:46:35,344 api 30933 Address Deleted Successfully.
INFO 2022-05-30 04:13:26,147 views 4127 log into userlogin app.
INFO 2022-05-30 04:13:26,148 api 4127 Address list load successfully.
INFO 2022-05-30 04:13:26,148 api 4127 Address created successfully.
INFO 2022-05-30 04:13:26,148 api 4127 Address retrieved successfully.
INFO 2022-05-30 04:13:26,148 api 4127 Address Updated Successfully.
INFO 2022-05-30 04:13:26,148 api 4127 Address Deleted Successfully.
INFO 2022-05-30 04:36:15,269 views 5618 log into userlogin app.
INFO 2022-05-30 04:36:15,270 api 5618 Address list load successfully.
INFO 2022-05-30 04:36:15,270 api 5618 Address created successfully.
INFO 2022-05-30 04:36:15,270 api 5618 Address retrieved successfully.
INFO 2022-05-30 04:36:15,270 api 5618 Address Updated Successfully.
INFO 2022-05-30 04:36:15,271 api 5618 Address Deleted Successfully.
INFO 2022-05-30 04:46:29,729 views 6050 log into userlogin app.
INFO 2022-05-30 04:46:29,730 api 6050 Address list load successfully.
INFO 2022-05-30 04:46:29,730 api 6050 Address created successfully.
INFO 2022-05-30 04:46:29,730 api 6050 Address retrieved successfully.
INFO 2022-05-30 04:46:29,730 api 6050 Address Updated Successfully.
INFO 2022-05-30 04:46:29,730 api 6050 Address Deleted Successfully.
INFO 2022-05-30 04:46:42,063 views 6078 log into userlogin app.
INFO 2022-05-30 04:46:42,063 api 6078 Address list load successfully.
INFO 2022-05-30 04:46:42,063 api 6078 Address created successfully.
INFO 2022-05-30 04:46:42,063 api 6078 Address retrieved successfully.
INFO 2022-05-30 04:46:42,063 api 6078 Address Updated Successfully.
INFO 2022-05-30 04:46:42,064 api 6078 Address Deleted Successfully.
INFO 2022-05-30 04:46:48,113 views 6138 log into userlogin app.
INFO 2022-05-30 04:46:48,113 api 6138 Address list load successfully.
INFO 2022-05-30 04:46:48,113 api 6138 Address created successfully.
INFO 2022-05-30 04:46:48,113 api 6138 Address retrieved successfully.
INFO 2022-05-30 04:46:48,113 api 6138 Address Updated Successfully.
INFO 2022-05-30 04:46:48,114 api 6138 Address Deleted Successfully.
INFO 2022-05-30 04:48:41,682 views 6302 log into userlogin app.
INFO 2022-05-30 04:48:41,682 api 6302 Address list load successfully.
INFO 2022-05-30 04:48:41,682 api 6302 Address created successfully.
INFO 2022-05-30 04:48:41,682 api 6302 Address retrieved successfully.
INFO 2022-05-30 04:48:41,683 api 6302 Address Updated Successfully.
INFO 2022-05-30 04:48:41,683 api 6302 Address Deleted Successfully.
INFO 2022-05-30 04:49:33,585 views 6351 log into userlogin app.
INFO 2022-05-30 04:49:33,586 api 6351 Address list load successfully.
INFO 2022-05-30 04:49:33,586 api 6351 Address created successfully.
INFO 2022-05-30 04:49:33,586 api 6351 Address retrieved successfully.
INFO 2022-05-30 04:49:33,586 api 6351 Address Updated Successfully.
INFO 2022-05-30 04:49:33,586 api 6351 Address Deleted Successfully.
INFO 2022-05-30 04:49:48,948 views 6398 log into userlogin app.
INFO 2022-05-30 04:49:48,949 api 6398 Address list load successfully.
INFO 2022-05-30 04:49:48,949 api 6398 Address created successfully.
INFO 2022-05-30 04:49:48,950 api 6398 Address retrieved successfully.
INFO 2022-05-30 04:49:48,950 api 6398 Address Updated Successfully.
INFO 2022-05-30 04:49:48,950 api 6398 Address Deleted Successfully.
INFO 2022-05-30 04:50:08,601 views 6477 log into userlogin app.
INFO 2022-05-30 04:50:08,602 api 6477 Address list load successfully.
INFO 2022-05-30 04:50:08,602 api 6477 Address created successfully.
INFO 2022-05-30 04:50:08,602 api 6477 Address retrieved successfully.
INFO 2022-05-30 04:50:08,602 api 6477 Address Updated Successfully.
INFO 2022-05-30 04:50:08,603 api 6477 Address Deleted Successfully.
INFO 2022-05-30 04:52:28,681 views 6682 log into userlogin app.
INFO 2022-05-30 04:52:28,682 api 6682 Address list load successfully.
INFO 2022-05-30 04:52:28,682 api 6682 Address created successfully.
INFO 2022-05-30 04:52:28,682 api 6682 Address retrieved successfully.
INFO 2022-05-30 04:52:28,682 api 6682 Address Updated Successfully.
INFO 2022-05-30 04:52:28,682 api 6682 Address Deleted Successfully.
INFO 2022-05-30 04:55:15,110 views 6955 log into userlogin app.
INFO 2022-05-30 04:55:15,110 api 6955 Address list load successfully.
INFO 2022-05-30 04:55:15,111 api 6955 Address created successfully.
INFO 2022-05-30 04:55:15,111 api 6955 Address retrieved successfully.
INFO 2022-05-30 04:55:15,111 api 6955 Address Updated Successfully.
INFO 2022-05-30 04:55:15,111 api 6955 Address Deleted Successfully.
INFO 2022-05-30 05:09:30,598 views 8067 log into userlogin app.
INFO 2022-05-30 05:09:30,599 api 8067 Address list load successfully.
INFO 2022-05-30 05:09:30,599 api 8067 Address created successfully.
INFO 2022-05-30 05:09:30,599 api 8067 Address retrieved successfully.
INFO 2022-05-30 05:09:30,599 api 8067 Address Updated Successfully.
INFO 2022-05-30 05:09:30,599 api 8067 Address Deleted Successfully.
INFO 2022-05-30 05:12:52,974 views 8527 log into userlogin app.
INFO 2022-05-30 05:12:52,975 api 8527 Address list load successfully.
INFO 2022-05-30 05:12:52,975 api 8527 Address created successfully.
INFO 2022-05-30 05:12:52,975 api 8527 Address retrieved successfully.
INFO 2022-05-30 05:12:52,975 api 8527 Address Updated Successfully.
INFO 2022-05-30 05:12:52,976 api 8527 Address Deleted Successfully.
INFO 2022-05-30 05:13:38,016 views 8653 log into userlogin app.
INFO 2022-05-30 05:13:38,017 api 8653 Address list load successfully.
INFO 2022-05-30 05:13:38,017 api 8653 Address created successfully.
INFO 2022-05-30 05:13:38,018 api 8653 Address retrieved successfully.
INFO 2022-05-30 05:13:38,018 api 8653 Address Updated Successfully.
INFO 2022-05-30 05:13:38,018 api 8653 Address Deleted Successfully.
INFO 2022-05-30 05:14:00,483 views 8736 log into userlogin app.
INFO 2022-05-30 05:14:00,484 api 8736 Address list load successfully.
INFO 2022-05-30 05:14:00,484 api 8736 Address created successfully.
INFO 2022-05-30 05:14:00,484 api 8736 Address retrieved successfully.
INFO 2022-05-30 05:14:00,484 api 8736 Address Updated Successfully.
INFO 2022-05-30 05:14:00,484 api 8736 Address Deleted Successfully.
INFO 2022-05-30 05:14:34,452 views 8867 log into userlogin app.
INFO 2022-05-30 05:14:34,452 api 8867 Address list load successfully.
INFO 2022-05-30 05:14:34,453 api 8867 Address created successfully.
INFO 2022-05-30 05:14:34,453 api 8867 Address retrieved successfully.
INFO 2022-05-30 05:14:34,453 api 8867 Address Updated Successfully.
INFO 2022-05-30 05:14:34,453 api 8867 Address Deleted Successfully.
INFO 2022-05-30 05:14:41,681 views 8944 log into userlogin app.
INFO 2022-05-30 05:14:41,682 api 8944 Address list load successfully.
INFO 2022-05-30 05:14:41,682 api 8944 Address created successfully.
INFO 2022-05-30 05:14:41,682 api 8944 Address retrieved successfully.
INFO 2022-05-30 05:14:41,682 api 8944 Address Updated Successfully.
INFO 2022-05-30 05:14:41,682 api 8944 Address Deleted Successfully.
INFO 2022-05-30 05:17:33,489 views 9126 log into userlogin app.
INFO 2022-05-30 05:17:33,490 api 9126 Address list load successfully.
INFO 2022-05-30 05:17:33,490 api 9126 Address created successfully.
INFO 2022-05-30 05:17:33,490 api 9126 Address retrieved successfully.
INFO 2022-05-30 05:17:33,491 api 9126 Address Updated Successfully.
INFO 2022-05-30 05:17:33,491 api 9126 Address Deleted Successfully.
INFO 2022-05-30 05:32:38,836 views 9646 log into userlogin app.
INFO 2022-05-30 05:32:38,837 api 9646 Address list load successfully.
INFO 2022-05-30 05:32:38,837 api 9646 Address created successfully.
INFO 2022-05-30 05:32:38,838 api 9646 Address retrieved successfully.
INFO 2022-05-30 05:32:38,838 api 9646 Address Updated Successfully.
INFO 2022-05-30 05:32:38,838 api 9646 Address Deleted Successfully.
INFO 2022-05-30 05:33:08,521 views 9708 log into userlogin app.
INFO 2022-05-30 05:33:08,522 api 9708 Address list load successfully.
INFO 2022-05-30 05:33:08,523 api 9708 Address created successfully.
INFO 2022-05-30 05:33:08,523 api 9708 Address retrieved successfully.
INFO 2022-05-30 05:33:08,523 api 9708 Address Updated Successfully.
INFO 2022-05-30 05:33:08,523 api 9708 Address Deleted Successfully.
INFO 2022-05-30 05:33:16,743 views 9762 log into userlogin app.
INFO 2022-05-30 05:33:16,744 api 9762 Address list load successfully.
INFO 2022-05-30 05:33:16,744 api 9762 Address created successfully.
INFO 2022-05-30 05:33:16,744 api 9762 Address retrieved successfully.
INFO 2022-05-30 05:33:16,744 api 9762 Address Updated Successfully.
INFO 2022-05-30 05:33:16,745 api 9762 Address Deleted Successfully.
INFO 2022-05-30 05:35:45,015 views 10017 log into userlogin app.
INFO 2022-05-30 05:35:45,016 api 10017 Address list load successfully.
INFO 2022-05-30 05:35:45,017 api 10017 Address created successfully.
INFO 2022-05-30 05:35:45,017 api 10017 Address retrieved successfully.
INFO 2022-05-30 05:35:45,017 api 10017 Address Updated Successfully.
INFO 2022-05-30 05:35:45,017 api 10017 Address Deleted Successfully.
INFO 2022-05-30 05:36:55,530 views 10146 log into userlogin app.
INFO 2022-05-30 05:36:55,531 api 10146 Address list load successfully.
INFO 2022-05-30 05:36:55,531 api 10146 Address created successfully.
INFO 2022-05-30 05:36:55,531 api 10146 Address retrieved successfully.
INFO 2022-05-30 05:36:55,531 api 10146 Address Updated Successfully.
INFO 2022-05-30 05:36:55,531 api 10146 Address Deleted Successfully.
INFO 2022-05-30 05:37:53,860 views 10252 log into userlogin app.
INFO 2022-05-30 05:37:53,861 api 10252 Address list load successfully.
INFO 2022-05-30 05:37:53,862 api 10252 Address created successfully.
INFO 2022-05-30 05:37:53,862 api 10252 Address retrieved successfully.
INFO 2022-05-30 05:37:53,862 api 10252 Address Updated Successfully.
INFO 2022-05-30 05:37:53,862 api 10252 Address Deleted Successfully.
INFO 2022-05-30 05:38:10,532 views 10283 log into userlogin app.
INFO 2022-05-30 05:38:10,533 api 10283 Address list load successfully.
INFO 2022-05-30 05:38:10,533 api 10283 Address created successfully.
INFO 2022-05-30 05:38:10,533 api 10283 Address retrieved successfully.
INFO 2022-05-30 05:38:10,533 api 10283 Address Updated Successfully.
INFO 2022-05-30 05:38:10,533 api 10283 Address Deleted Successfully.
INFO 2022-05-30 05:38:23,317 views 10296 log into userlogin app.
INFO 2022-05-30 05:38:23,318 api 10296 Address list load successfully.
INFO 2022-05-30 05:38:23,318 api 10296 Address created successfully.
INFO 2022-05-30 05:38:23,318 api 10296 Address retrieved successfully.
INFO 2022-05-30 05:38:23,318 api 10296 Address Updated Successfully.
INFO 2022-05-30 05:38:23,318 api 10296 Address Deleted Successfully.
INFO 2022-05-30 05:39:25,145 views 10346 log into userlogin app.
INFO 2022-05-30 05:39:25,146 api 10346 Address list load successfully.
INFO 2022-05-30 05:39:25,146 api 10346 Address created successfully.
INFO 2022-05-30 05:39:25,146 api 10346 Address retrieved successfully.
INFO 2022-05-30 05:39:25,146 api 10346 Address Updated Successfully.
INFO 2022-05-30 05:39:25,147 api 10346 Address Deleted Successfully.
INFO 2022-05-30 05:39:31,911 views 10361 log into userlogin app.
INFO 2022-05-30 05:39:31,911 api 10361 Address list load successfully.
INFO 2022-05-30 05:39:31,911 api 10361 Address created successfully.
INFO 2022-05-30 05:39:31,912 api 10361 Address retrieved successfully.
INFO 2022-05-30 05:39:31,912 api 10361 Address Updated Successfully.
INFO 2022-05-30 05:39:31,912 api 10361 Address Deleted Successfully.
INFO 2022-05-30 05:40:42,421 views 10449 log into userlogin app.
INFO 2022-05-30 05:40:42,422 api 10449 Address list load successfully.
INFO 2022-05-30 05:40:42,422 api 10449 Address created successfully.
INFO 2022-05-30 05:40:42,422 api 10449 Address retrieved successfully.
INFO 2022-05-30 05:40:42,422 api 10449 Address Updated Successfully.
INFO 2022-05-30 05:40:42,423 api 10449 Address Deleted Successfully.
INFO 2022-05-30 05:43:46,379 views 10640 log into userlogin app.
INFO 2022-05-30 05:43:46,380 api 10640 Address list load successfully.
INFO 2022-05-30 05:43:46,380 api 10640 Address created successfully.
INFO 2022-05-30 05:43:46,380 api 10640 Address retrieved successfully.
INFO 2022-05-30 05:43:46,380 api 10640 Address Updated Successfully.
INFO 2022-05-30 05:43:46,380 api 10640 Address Deleted Successfully.
INFO 2022-05-30 05:44:05,844 views 10724 log into userlogin app.
INFO 2022-05-30 05:44:05,845 api 10724 Address list load successfully.
INFO 2022-05-30 05:44:05,845 api 10724 Address created successfully.
INFO 2022-05-30 05:44:05,846 api 10724 Address retrieved successfully.
INFO 2022-05-30 05:44:05,846 api 10724 Address Updated Successfully.
INFO 2022-05-30 05:44:05,846 api 10724 Address Deleted Successfully.
INFO 2022-05-30 05:45:34,828 views 10796 log into userlogin app.
INFO 2022-05-30 05:45:34,829 api 10796 Address list load successfully.
INFO 2022-05-30 05:45:34,830 api 10796 Address created successfully.
INFO 2022-05-30 05:45:34,830 api 10796 Address retrieved successfully.
INFO 2022-05-30 05:45:34,830 api 10796 Address Updated Successfully.
INFO 2022-05-30 05:45:34,830 api 10796 Address Deleted Successfully.
INFO 2022-05-30 05:47:32,352 views 10877 log into userlogin app.
INFO 2022-05-30 05:47:32,353 api 10877 Address list load successfully.
INFO 2022-05-30 05:47:32,353 api 10877 Address created successfully.
INFO 2022-05-30 05:47:32,353 api 10877 Address retrieved successfully.
INFO 2022-05-30 05:47:32,353 api 10877 Address Updated Successfully.
INFO 2022-05-30 05:47:32,354 api 10877 Address Deleted Successfully.
INFO 2022-05-30 05:49:05,559 views 11021 log into userlogin app.
INFO 2022-05-30 05:49:05,560 api 11021 Address list load successfully.
INFO 2022-05-30 05:49:05,560 api 11021 Address created successfully.
INFO 2022-05-30 05:49:05,560 api 11021 Address retrieved successfully.
INFO 2022-05-30 05:49:05,560 api 11021 Address Updated Successfully.
INFO 2022-05-30 05:49:05,560 api 11021 Address Deleted Successfully.
INFO 2022-05-30 05:57:46,273 views 11492 log into userlogin app.
INFO 2022-05-30 05:57:46,274 api 11492 Address list load successfully.
INFO 2022-05-30 05:57:46,274 api 11492 Address created successfully.
INFO 2022-05-30 05:57:46,274 api 11492 Address retrieved successfully.
INFO 2022-05-30 05:57:46,274 api 11492 Address Updated Successfully.
INFO 2022-05-30 05:57:46,275 api 11492 Address Deleted Successfully.
INFO 2022-05-30 05:57:56,388 views 11535 log into userlogin app.
INFO 2022-05-30 05:57:56,389 api 11535 Address list load successfully.
INFO 2022-05-30 05:57:56,389 api 11535 Address created successfully.
INFO 2022-05-30 05:57:56,389 api 11535 Address retrieved successfully.
INFO 2022-05-30 05:57:56,389 api 11535 Address Updated Successfully.
INFO 2022-05-30 05:57:56,389 api 11535 Address Deleted Successfully.
INFO 2022-05-30 05:58:51,689 views 11649 log into userlogin app.
INFO 2022-05-30 05:58:51,689 api 11649 Address list load successfully.
INFO 2022-05-30 05:58:51,689 api 11649 Address created successfully.
INFO 2022-05-30 05:58:51,690 api 11649 Address retrieved successfully.
INFO 2022-05-30 05:58:51,690 api 11649 Address Updated Successfully.
INFO 2022-05-30 05:58:51,690 api 11649 Address Deleted Successfully.
INFO 2022-05-30 06:24:32,360 views 13320 log into userlogin app.
INFO 2022-05-30 06:24:32,361 api 13320 Address list load successfully.
INFO 2022-05-30 06:24:32,361 api 13320 Address created successfully.
INFO 2022-05-30 06:24:32,361 api 13320 Address retrieved successfully.
INFO 2022-05-30 06:24:32,361 api 13320 Address Updated Successfully.
INFO 2022-05-30 06:24:32,361 api 13320 Address Deleted Successfully.
INFO 2022-05-30 06:24:44,664 views 13399 log into userlogin app.
INFO 2022-05-30 06:24:44,665 api 13399 Address list load successfully.
INFO 2022-05-30 06:24:44,665 api 13399 Address created successfully.
INFO 2022-05-30 06:24:44,665 api 13399 Address retrieved successfully.
INFO 2022-05-30 06:24:44,665 api 13399 Address Updated Successfully.
INFO 2022-05-30 06:24:44,666 api 13399 Address Deleted Successfully.
INFO 2022-05-30 06:25:48,046 views 13541 log into userlogin app.
INFO 2022-05-30 06:25:48,047 api 13541 Address list load successfully.
INFO 2022-05-30 06:25:48,047 api 13541 Address created successfully.
INFO 2022-05-30 06:25:48,047 api 13541 Address retrieved successfully.
INFO 2022-05-30 06:25:48,047 api 13541 Address Updated Successfully.
INFO 2022-05-30 06:25:48,047 api 13541 Address Deleted Successfully.
INFO 2022-05-30 06:53:13,207 views 14513 log into userlogin app.
INFO 2022-05-30 06:53:13,208 api 14513 Address list load successfully.
INFO 2022-05-30 06:53:13,208 api 14513 Address created successfully.
INFO 2022-05-30 06:53:13,208 api 14513 Address retrieved successfully.
INFO 2022-05-30 06:53:13,208 api 14513 Address Updated Successfully.
INFO 2022-05-30 06:53:13,208 api 14513 Address Deleted Successfully.
INFO 2022-05-30 11:01:59,057 views 5772 log into userlogin app.
INFO 2022-05-30 11:01:59,057 api 5772 Address list load successfully.
INFO 2022-05-30 11:01:59,057 api 5772 Address created successfully.
INFO 2022-05-30 11:01:59,057 api 5772 Address retrieved successfully.
INFO 2022-05-30 11:01:59,058 api 5772 Address Updated Successfully.
INFO 2022-05-30 11:01:59,058 api 5772 Address Deleted Successfully.
INFO 2022-05-30 11:07:34,662 views 6136 log into userlogin app.
INFO 2022-05-30 11:07:34,663 api 6136 Address list load successfully.
INFO 2022-05-30 11:07:34,664 api 6136 Address created successfully.
INFO 2022-05-30 11:07:34,664 api 6136 Address retrieved successfully.
INFO 2022-05-30 11:07:34,664 api 6136 Address Updated Successfully.
INFO 2022-05-30 11:07:34,664 api 6136 Address Deleted Successfully.
INFO 2022-05-30 11:08:30,741 views 6283 log into userlogin app.
INFO 2022-05-30 11:08:30,742 api 6283 Address list load successfully.
INFO 2022-05-30 11:08:30,742 api 6283 Address created successfully.
INFO 2022-05-30 11:08:30,742 api 6283 Address retrieved successfully.
INFO 2022-05-30 11:08:30,742 api 6283 Address Updated Successfully.
INFO 2022-05-30 11:08:30,742 api 6283 Address Deleted Successfully.
INFO 2022-05-30 11:09:11,772 views 6405 log into userlogin app.
INFO 2022-05-30 11:09:11,773 api 6405 Address list load successfully.
INFO 2022-05-30 11:09:11,773 api 6405 Address created successfully.
INFO 2022-05-30 11:09:11,773 api 6405 Address retrieved successfully.
INFO 2022-05-30 11:09:11,773 api 6405 Address Updated Successfully.
INFO 2022-05-30 11:09:11,774 api 6405 Address Deleted Successfully.
INFO 2022-05-30 11:09:34,274 views 6470 log into userlogin app.
INFO 2022-05-30 11:09:34,275 api 6470 Address list load successfully.
INFO 2022-05-30 11:09:34,275 api 6470 Address created successfully.
INFO 2022-05-30 11:09:34,275 api 6470 Address retrieved successfully.
INFO 2022-05-30 11:09:34,275 api 6470 Address Updated Successfully.
INFO 2022-05-30 11:09:34,275 api 6470 Address Deleted Successfully.
INFO 2022-05-30 11:10:58,222 views 6658 log into userlogin app.
INFO 2022-05-30 11:10:58,223 api 6658 Address list load successfully.
INFO 2022-05-30 11:10:58,223 api 6658 Address created successfully.
INFO 2022-05-30 11:10:58,223 api 6658 Address retrieved successfully.
INFO 2022-05-30 11:10:58,223 api 6658 Address Updated Successfully.
INFO 2022-05-30 11:10:58,224 api 6658 Address Deleted Successfully.
INFO 2022-05-30 11:11:25,924 views 6745 log into userlogin app.
INFO 2022-05-30 11:11:25,925 api 6745 Address list load successfully.
INFO 2022-05-30 11:11:25,925 api 6745 Address created successfully.
INFO 2022-05-30 11:11:25,925 api 6745 Address retrieved successfully.
INFO 2022-05-30 11:11:25,925 api 6745 Address Updated Successfully.
INFO 2022-05-30 11:11:25,925 api 6745 Address Deleted Successfully.
INFO 2022-05-30 11:12:34,422 views 6861 log into userlogin app.
INFO 2022-05-30 11:12:34,423 api 6861 Address list load successfully.
INFO 2022-05-30 11:12:34,423 api 6861 Address created successfully.
INFO 2022-05-30 11:12:34,423 api 6861 Address retrieved successfully.
INFO 2022-05-30 11:12:34,423 api 6861 Address Updated Successfully.
INFO 2022-05-30 11:12:34,423 api 6861 Address Deleted Successfully.
INFO 2022-05-30 11:13:44,009 views 7021 log into userlogin app.
INFO 2022-05-30 11:13:44,010 api 7021 Address list load successfully.
INFO 2022-05-30 11:13:44,010 api 7021 Address created successfully.
INFO 2022-05-30 11:13:44,010 api 7021 Address retrieved successfully.
INFO 2022-05-30 11:13:44,010 api 7021 Address Updated Successfully.
INFO 2022-05-30 11:13:44,010 api 7021 Address Deleted Successfully.
INFO 2022-05-30 11:14:58,672 views 7154 log into userlogin app.
INFO 2022-05-30 11:14:58,673 api 7154 Address list load successfully.
INFO 2022-05-30 11:14:58,673 api 7154 Address created successfully.
INFO 2022-05-30 11:14:58,673 api 7154 Address retrieved successfully.
INFO 2022-05-30 11:14:58,673 api 7154 Address Updated Successfully.
INFO 2022-05-30 11:14:58,673 api 7154 Address Deleted Successfully.
INFO 2022-05-30 11:15:51,666 views 7236 log into userlogin app.
INFO 2022-05-30 11:15:51,666 api 7236 Address list load successfully.
INFO 2022-05-30 11:15:51,666 api 7236 Address created successfully.
INFO 2022-05-30 11:15:51,667 api 7236 Address retrieved successfully.
INFO 2022-05-30 11:15:51,667 api 7236 Address Updated Successfully.
INFO 2022-05-30 11:15:51,667 api 7236 Address Deleted Successfully.
INFO 2022-05-30 11:16:11,181 views 7358 log into userlogin app.
INFO 2022-05-30 11:16:11,182 api 7358 Address list load successfully.
INFO 2022-05-30 11:16:11,182 api 7358 Address created successfully.
INFO 2022-05-30 11:16:11,182 api 7358 Address retrieved successfully.
INFO 2022-05-30 11:16:11,182 api 7358 Address Updated Successfully.
INFO 2022-05-30 11:16:11,183 api 7358 Address Deleted Successfully.
INFO 2022-05-30 11:20:10,157 views 7848 log into userlogin app.
INFO 2022-05-30 11:20:10,157 api 7848 Address list load successfully.
INFO 2022-05-30 11:20:10,157 api 7848 Address created successfully.
INFO 2022-05-30 11:20:10,157 api 7848 Address retrieved successfully.
INFO 2022-05-30 11:20:10,158 api 7848 Address Updated Successfully.
INFO 2022-05-30 11:20:10,158 api 7848 Address Deleted Successfully.
INFO 2022-05-30 11:20:21,300 views 7890 log into userlogin app.
INFO 2022-05-30 11:20:21,301 api 7890 Address list load successfully.
INFO 2022-05-30 11:20:21,301 api 7890 Address created successfully.
INFO 2022-05-30 11:20:21,301 api 7890 Address retrieved successfully.
INFO 2022-05-30 11:20:21,301 api 7890 Address Updated Successfully.
INFO 2022-05-30 11:20:21,301 api 7890 Address Deleted Successfully.
INFO 2022-05-30 11:20:55,175 views 7998 log into userlogin app.
INFO 2022-05-30 11:20:55,176 api 7998 Address list load successfully.
INFO 2022-05-30 11:20:55,176 api 7998 Address created successfully.
INFO 2022-05-30 11:20:55,176 api 7998 Address retrieved successfully.
INFO 2022-05-30 11:20:55,176 api 7998 Address Updated Successfully.
INFO 2022-05-30 11:20:55,176 api 7998 Address Deleted Successfully.
INFO 2022-05-30 11:21:25,687 views 8083 log into userlogin app.
INFO 2022-05-30 11:21:25,687 api 8083 Address list load successfully.
INFO 2022-05-30 11:21:25,688 api 8083 Address created successfully.
INFO 2022-05-30 11:21:25,688 api 8083 Address retrieved successfully.
INFO 2022-05-30 11:21:25,688 api 8083 Address Updated Successfully.
INFO 2022-05-30 11:21:25,688 api 8083 Address Deleted Successfully.
INFO 2022-05-30 11:24:24,493 views 8333 log into userlogin app.
INFO 2022-05-30 11:24:24,494 api 8333 Address list load successfully.
INFO 2022-05-30 11:24:24,494 api 8333 Address created successfully.
INFO 2022-05-30 11:24:24,494 api 8333 Address retrieved successfully.
INFO 2022-05-30 11:24:24,494 api 8333 Address Updated Successfully.
INFO 2022-05-30 11:24:24,494 api 8333 Address Deleted Successfully.
INFO 2022-05-30 11:24:41,873 views 8437 log into userlogin app.
INFO 2022-05-30 11:24:41,874 api 8437 Address list load successfully.
INFO 2022-05-30 11:24:41,874 api 8437 Address created successfully.
INFO 2022-05-30 11:24:41,874 api 8437 Address retrieved successfully.
INFO 2022-05-30 11:24:41,874 api 8437 Address Updated Successfully.
INFO 2022-05-30 11:24:41,874 api 8437 Address Deleted Successfully.
INFO 2022-05-30 11:24:58,262 views 8535 log into userlogin app.
INFO 2022-05-30 11:24:58,263 api 8535 Address list load successfully.
INFO 2022-05-30 11:24:58,263 api 8535 Address created successfully.
INFO 2022-05-30 11:24:58,263 api 8535 Address retrieved successfully.
INFO 2022-05-30 11:24:58,263 api 8535 Address Updated Successfully.
INFO 2022-05-30 11:24:58,264 api 8535 Address Deleted Successfully.
INFO 2022-05-30 11:25:05,448 views 8567 log into userlogin app.
INFO 2022-05-30 11:25:05,449 api 8567 Address list load successfully.
INFO 2022-05-30 11:25:05,449 api 8567 Address created successfully.
INFO 2022-05-30 11:25:05,449 api 8567 Address retrieved successfully.
INFO 2022-05-30 11:25:05,449 api 8567 Address Updated Successfully.
INFO 2022-05-30 11:25:05,449 api 8567 Address Deleted Successfully.
INFO 2022-05-30 11:27:16,063 views 8769 log into userlogin app.
INFO 2022-05-30 11:27:16,064 api 8769 Address list load successfully.
INFO 2022-05-30 11:27:16,064 api 8769 Address created successfully.
INFO 2022-05-30 11:27:16,064 api 8769 Address retrieved successfully.
INFO 2022-05-30 11:27:16,064 api 8769 Address Updated Successfully.
INFO 2022-05-30 11:27:16,065 api 8769 Address Deleted Successfully.
INFO 2022-05-30 11:27:38,432 views 8819 log into userlogin app.
INFO 2022-05-30 11:27:38,433 api 8819 Address list load successfully.
INFO 2022-05-30 11:27:38,433 api 8819 Address created successfully.
INFO 2022-05-30 11:27:38,434 api 8819 Address retrieved successfully.
INFO 2022-05-30 11:27:38,434 api 8819 Address Updated Successfully.
INFO 2022-05-30 11:27:38,434 api 8819 Address Deleted Successfully.
INFO 2022-05-30 11:50:52,192 views 9849 log into userlogin app.
INFO 2022-05-30 11:50:52,193 api 9849 Address list load successfully.
INFO 2022-05-30 11:50:52,193 api 9849 Address created successfully.
INFO 2022-05-30 11:50:52,193 api 9849 Address retrieved successfully.
INFO 2022-05-30 11:50:52,193 api 9849 Address Updated Successfully.
INFO 2022-05-30 11:50:52,193 api 9849 Address Deleted Successfully.
